2018-08-31 14:16:15 +0000  Initial pipeline context: <IDEDistributionProcessingPipelineContext: 0x7fa6bc8f11d0; archive(resolved)='<IDEArchive: 0x7fa6d6fa1390>', distributionTask(resolved)='2', distributionMethod(resolved)='<IDEDistributionMethodiOSAppStoreExport: 0x7fa6d73f6ea0>', team(resolved)='<IDEProvisioningBasicTeam: 0x7fa6bd270330; teamID='3NGGT5P4S8', teamName='abdulmalik albaker'>'>
	Chain (11, self inclusive):
	<IDEDistributionProcessingPipelineContext: 0x7fa6bc8f11d0; archive = '<IDEArchive: 0x7fa6d6fa1390>', distributionMethod='<IDEDistributionMethodiOSAppStoreExport: 0x7fa6d73f6ea0>', team='<IDEProvisioningBasicTeam: 0x7fa6bd270330; teamID='3NGGT5P4S8', teamName='abdulmalik albaker'>'>
	<IDEDistributionProcessingPipelineContext: 0x7fa6bd141ee0; archive = '<IDEArchive: 0x7fa6d6fa1390>', distributionMethod='<IDEDistributionMethodiOSAppStoreExport: 0x7fa6d73f6ea0>', team='<IDEProvisioningBasicTeam: 0x7fa6bd270330; teamID='3NGGT5P4S8', teamName='abdulmalik albaker'>'>
	<IDEDistributionContext: 0x7fa6d6a1d6a0; archive = '<IDEArchive: 0x7fa6d6fa1390>', distributionMethod='<IDEDistributionMethodiOSAppStoreExport: 0x7fa6d73f6ea0>', team='<IDEProvisioningBasicTeam: 0x7fa6bd270330; teamID='3NGGT5P4S8', teamName='abdulmalik albaker'>'>
	<IDEDistributionContext: 0x7fa6bd175de0; archive = '<IDEArchive: 0x7fa6d6fa1390>', distributionMethod='<IDEDistributionMethodiOSAppStoreExport: 0x7fa6d73f6ea0>', team='<IDEProvisioningBasicTeam: 0x7fa6bd270330; teamID='3NGGT5P4S8', teamName='abdulmalik albaker'>'>
	<IDEDistributionContext: 0x7fa6d753ef50; archive = '<IDEArchive: 0x7fa6d6fa1390>', distributionMethod='<IDEDistributionMethodiOSAppStoreExport: 0x7fa6d73f6ea0>', team='<IDEProvisioningBasicTeam: 0x7fa6bd270330; teamID='3NGGT5P4S8', teamName='abdulmalik albaker'>'>
	<IDEDistributionContext: 0x7fa6bcba55c0; archive = '<IDEArchive: 0x7fa6d6fa1390>', distributionMethod='<IDEDistributionMethodiOSAppStoreExport: 0x7fa6d73f6ea0>', team='<IDEProvisioningBasicTeam: 0x7fa6bd270330; teamID='3NGGT5P4S8', teamName='abdulmalik albaker'>'>
	<IDEDistributionContext: 0x7fa6d766f6d0; archive = '<IDEArchive: 0x7fa6d6fa1390>', distributionMethod='<IDEDistributionMethodiOSAppStoreExport: 0x7fa6d73f6ea0>', team='<IDEProvisioningBasicTeam: 0x7fa6bd270330; teamID='3NGGT5P4S8', teamName='abdulmalik albaker'>'>
	<IDEDistributionContext: 0x7fa6bb57e9f0; archive = '<IDEArchive: 0x7fa6d6fa1390>', distributionMethod='<IDEDistributionMethodiOSAppStoreExport: 0x7fa6d73f6ea0>', team='<IDEProvisioningBasicTeam: 0x7fa6bd270330; teamID='3NGGT5P4S8', teamName='abdulmalik albaker'>'>
	<IDEDistributionContext: 0x7fa6bcef8680; archive = '<IDEArchive: 0x7fa6d6fa1390>', distributionMethod='<IDEDistributionMethodiOSAppStoreExport: 0x7fa6d73f6ea0>', team='<IDEProvisioningBasicTeam: 0x7fa6bd270330; teamID='3NGGT5P4S8', teamName='abdulmalik albaker'>'>
	<IDEDistributionContext: 0x7fa6bd144f40; archive = '<IDEArchive: 0x7fa6d6fa1390>', distributionMethod='<IDEDistributionMethodiOSAppStoreExport: 0x7fa6d73f6ea0>', team='(null)'>
	<IDEDistributionContext: 0x7fa6d7293990; archive = '<IDEArchive: 0x7fa6d6fa1390>', distributionMethod='(null)', team='(null)'>
</IDEDistributionProcessingPipelineContext: 0x7fa6bc8f11d0>
2018-08-31 14:16:15 +0000  Processing step: IDEDistributionCreateDestRootStep
2018-08-31 14:16:16 +0000  Processing step: IDEDistributionCopyItemStep
2018-08-31 14:16:16 +0000  Running /usr/bin/ditto '-V' '/Users/amrmohamed/Library/Developer/Xcode/Archives/2018-08-31/Talbatk 8-31-18, 4.10 PM.xcarchive/Products/Applications/Talbatk.app' '/var/folders/x3/6yscgkcx0rs85y13x_y6cmhr0000gn/T/XcodeDistPipeline.nUP/Root/Payload/Talbatk.app'
2018-08-31 14:16:16 +0000  >>> Copying /Users/amrmohamed/Library/Developer/Xcode/Archives/2018-08-31/Talbatk 8-31-18, 4.10 PM.xcarchive/Products/Applications/Talbatk.app 
2018-08-31 14:16:16 +0000  
2018-08-31 14:16:16 +0000  copying file ./_CodeSignature/CodeResources ... 
2018-08-31 14:16:16 +0000  68989 bytes for ./_CodeSignature/CodeResources
2018-08-31 14:16:16 +0000  copying file ./Icon-App-76x76@2x.png ... 
2018-08-31 14:16:16 +0000  9267 bytes for ./Icon-App-76x76@2x.png
2018-08-31 14:16:16 +0000  copying file ./Octicons.ttf ... 
2018-08-31 14:16:16 +0000  27440 bytes for ./Octicons.ttf
copying file ./Feather.ttf ... 
2018-08-31 14:16:16 +0000  65112 bytes for ./Feather.ttf
2018-08-31 14:16:16 +0000  copying file ./Icon-App-29x29@1x.png ... 
2018-08-31 14:16:16 +0000  828 bytes for ./Icon-App-29x29@1x.png
2018-08-31 14:16:16 +0000  copying file ./Entypo.ttf ... 
2018-08-31 14:16:16 +0000  65584 bytes for ./Entypo.ttf
copying file ./AppIcon20x20@3x.png ... 
2018-08-31 14:16:16 +0000  2291 bytes for ./AppIcon20x20@3x.png
2018-08-31 14:16:16 +0000  copying file ./GoogleMaps.bundle/bubble_left@3x.png ... 
2018-08-31 14:16:16 +0000  2386 bytes for ./GoogleMaps.bundle/bubble_left@3x.png
2018-08-31 14:16:16 +0000  copying file ./GoogleMaps.bundle/bubble_left.png ... 
2018-08-31 14:16:16 +0000  451 bytes for ./GoogleMaps.bundle/bubble_left.png
copying file ./GoogleMaps.bundle/bubble_left@2x.png ... 
2018-08-31 14:16:16 +0000  1055 bytes for ./GoogleMaps.bundle/bubble_left@2x.png
copying file ./GoogleMaps.bundle/bubble_right@3x.png ... 
2018-08-31 14:16:16 +0000  2374 bytes for ./GoogleMaps.bundle/bubble_right@3x.png
copying file ./GoogleMaps.bundle/bubble_right@2x.png ... 
2018-08-31 14:16:16 +0000  1051 bytes for ./GoogleMaps.bundle/bubble_right@2x.png
2018-08-31 14:16:16 +0000  copying file ./GoogleMaps.bundle/GMSCoreResources.bundle/de.lproj/GMSCore.strings ... 
2018-08-31 14:16:16 +0000  849 bytes for ./GoogleMaps.bundle/GMSCoreResources.bundle/de.lproj/GMSCore.strings
2018-08-31 14:16:16 +0000  copying file ./GoogleMaps.bundle/GMSCoreResources.bundle/he.lproj/GMSCore.strings ... 
2018-08-31 14:16:16 +0000  930 bytes for ./GoogleMaps.bundle/GMSCoreResources.bundle/he.lproj/GMSCore.strings
2018-08-31 14:16:16 +0000  copying file ./GoogleMaps.bundle/GMSCoreResources.bundle/en_AU.lproj/GMSCore.strings ... 
2018-08-31 14:16:16 +0000  801 bytes for ./GoogleMaps.bundle/GMSCoreResources.bundle/en_AU.lproj/GMSCore.strings
2018-08-31 14:16:16 +0000  copying file ./GoogleMaps.bundle/GMSCoreResources.bundle/ar.lproj/GMSCore.strings ... 
2018-08-31 14:16:16 +0000  992 bytes for ./GoogleMaps.bundle/GMSCoreResources.bundle/ar.lproj/GMSCore.strings
2018-08-31 14:16:16 +0000  copying file ./GoogleMaps.bundle/GMSCoreResources.bundle/el.lproj/GMSCore.strings ... 
2018-08-31 14:16:16 +0000  996 bytes for ./GoogleMaps.bundle/GMSCoreResources.bundle/el.lproj/GMSCore.strings
2018-08-31 14:16:16 +0000  copying file ./GoogleMaps.bundle/GMSCoreResources.bundle/ja.lproj/GMSCore.strings ... 
2018-08-31 14:16:16 +0000  776 bytes for ./GoogleMaps.bundle/GMSCoreResources.bundle/ja.lproj/GMSCore.strings
2018-08-31 14:16:16 +0000  copying file ./GoogleMaps.bundle/GMSCoreResources.bundle/iw.lproj/GMSCore.strings ... 
2018-08-31 14:16:16 +0000  930 bytes for ./GoogleMaps.bundle/GMSCoreResources.bundle/iw.lproj/GMSCore.strings
2018-08-31 14:16:16 +0000  copying file ./GoogleMaps.bundle/GMSCoreResources.bundle/ic_qu_direction_mylocation@2x.png ... 
2018-08-31 14:16:16 +0000  663 bytes for ./GoogleMaps.bundle/GMSCoreResources.bundle/ic_qu_direction_mylocation@2x.png
2018-08-31 14:16:16 +0000  copying file ./GoogleMaps.bundle/GMSCoreResources.bundle/en.lproj/GMSCore.strings ... 
2018-08-31 14:16:16 +0000  801 bytes for ./GoogleMaps.bundle/GMSCoreResources.bundle/en.lproj/GMSCore.strings
2018-08-31 14:16:16 +0000  copying file ./GoogleMaps.bundle/GMSCoreResources.bundle/uk.lproj/GMSCore.strings ... 
2018-08-31 14:16:16 +0000  982 bytes for ./GoogleMaps.bundle/GMSCoreResources.bundle/uk.lproj/GMSCore.strings
2018-08-31 14:16:16 +0000  copying file ./GoogleMaps.bundle/GMSCoreResources.bundle/ic_qu_direction_mylocation.png ... 
2018-08-31 14:16:16 +0000  362 bytes for ./GoogleMaps.bundle/GMSCoreResources.bundle/ic_qu_direction_mylocation.png
2018-08-31 14:16:16 +0000  copying file ./GoogleMaps.bundle/GMSCoreResources.bundle/es_419.lproj/GMSCore.strings ... 
2018-08-31 14:16:16 +0000  1016 bytes for ./GoogleMaps.bundle/GMSCoreResources.bundle/es_419.lproj/GMSCore.strings
2018-08-31 14:16:16 +0000  copying file ./GoogleMaps.bundle/GMSCoreResources.bundle/GMSSprites-0-1x.png ... 
2018-08-31 14:16:16 +0000  10365 bytes for ./GoogleMaps.bundle/GMSCoreResources.bundle/GMSSprites-0-1x.png
copying file ./GoogleMaps.bundle/GMSCoreResources.bundle/ic_compass_needle_large@2x.png ... 
2018-08-31 14:16:16 +0000  2446 bytes for ./GoogleMaps.bundle/GMSCoreResources.bundle/ic_compass_needle_large@2x.png
2018-08-31 14:16:16 +0000  copying file ./GoogleMaps.bundle/GMSCoreResources.bundle/ic_compass_needle_large@3x.png ... 
2018-08-31 14:16:16 +0000  3304 bytes for ./GoogleMaps.bundle/GMSCoreResources.bundle/ic_compass_needle_large@3x.png
2018-08-31 14:16:16 +0000  copying file ./GoogleMaps.bundle/GMSCoreResources.bundle/es_MX.lproj/GMSCore.strings ... 
2018-08-31 14:16:16 +0000  1016 bytes for ./GoogleMaps.bundle/GMSCoreResources.bundle/es_MX.lproj/GMSCore.strings
2018-08-31 14:16:16 +0000  copying file ./GoogleMaps.bundle/GMSCoreResources.bundle/ic_compass_needle_large.png ... 
2018-08-31 14:16:16 +0000  1114 bytes for ./GoogleMaps.bundle/GMSCoreResources.bundle/ic_compass_needle_large.png
2018-08-31 14:16:16 +0000  copying file ./GoogleMaps.bundle/GMSCoreResources.bundle/zh_CN.lproj/GMSCore.strings ... 
2018-08-31 14:16:16 +0000  748 bytes for ./GoogleMaps.bundle/GMSCoreResources.bundle/zh_CN.lproj/GMSCore.strings
2018-08-31 14:16:16 +0000  copying file ./GoogleMaps.bundle/GMSCoreResources.bundle/ic_qu_direction_mylocation@3x.png ... 
2018-08-31 14:16:16 +0000  1240 bytes for ./GoogleMaps.bundle/GMSCoreResources.bundle/ic_qu_direction_mylocation@3x.png
copying file ./GoogleMaps.bundle/GMSCoreResources.bundle/DroidSansMerged-Regular.ttf ... 
2018-08-31 14:16:16 +0000  392092 bytes for ./GoogleMaps.bundle/GMSCoreResources.bundle/DroidSansMerged-Regular.ttf
2018-08-31 14:16:16 +0000  copying file ./GoogleMaps.bundle/GMSCoreResources.bundle/nb.lproj/GMSCore.strings ... 
2018-08-31 14:16:16 +0000  841 bytes for ./GoogleMaps.bundle/GMSCoreResources.bundle/nb.lproj/GMSCore.strings
2018-08-31 14:16:16 +0000  copying file ./GoogleMaps.bundle/GMSCoreResources.bundle/es.lproj/GMSCore.strings ... 
2018-08-31 14:16:16 +0000  1019 bytes for ./GoogleMaps.bundle/GMSCoreResources.bundle/es.lproj/GMSCore.strings
2018-08-31 14:16:16 +0000  copying file ./GoogleMaps.bundle/GMSCoreResources.bundle/traffic_endcap.png ... 
2018-08-31 14:16:16 +0000  210 bytes for ./GoogleMaps.bundle/GMSCoreResources.bundle/traffic_endcap.png
2018-08-31 14:16:16 +0000  copying file ./GoogleMaps.bundle/GMSCoreResources.bundle/pt_BR.lproj/GMSCore.strings ... 
2018-08-31 14:16:16 +0000  948 bytes for ./GoogleMaps.bundle/GMSCoreResources.bundle/pt_BR.lproj/GMSCore.strings
2018-08-31 14:16:16 +0000  copying file ./GoogleMaps.bundle/GMSCoreResources.bundle/da.lproj/GMSCore.strings ... 
2018-08-31 14:16:16 +0000  924 bytes for ./GoogleMaps.bundle/GMSCoreResources.bundle/da.lproj/GMSCore.strings
2018-08-31 14:16:16 +0000  copying file ./GoogleMaps.bundle/GMSCoreResources.bundle/ic_location_off@3x.png ... 
2018-08-31 14:16:16 +0000  1577 bytes for ./GoogleMaps.bundle/GMSCoreResources.bundle/ic_location_off@3x.png
2018-08-31 14:16:16 +0000  copying file ./GoogleMaps.bundle/GMSCoreResources.bundle/it.lproj/GMSCore.strings ... 
2018-08-31 14:16:16 +0000  876 bytes for ./GoogleMaps.bundle/GMSCoreResources.bundle/it.lproj/GMSCore.strings
2018-08-31 14:16:16 +0000  copying file ./GoogleMaps.bundle/GMSCoreResources.bundle/sk.lproj/GMSCore.strings ... 
2018-08-31 14:16:16 +0000  904 bytes for ./GoogleMaps.bundle/GMSCoreResources.bundle/sk.lproj/GMSCore.strings
2018-08-31 14:16:16 +0000  copying file ./GoogleMaps.bundle/GMSCoreResources.bundle/GMSNavSprites-0-3x.png ... 
2018-08-31 14:16:16 +0000  10683 bytes for ./GoogleMaps.bundle/GMSCoreResources.bundle/GMSNavSprites-0-3x.png
2018-08-31 14:16:16 +0000  copying file ./GoogleMaps.bundle/GMSCoreResources.bundle/pt_PT.lproj/GMSCore.strings ... 
2018-08-31 14:16:16 +0000  992 bytes for ./GoogleMaps.bundle/GMSCoreResources.bundle/pt_PT.lproj/GMSCore.strings
2018-08-31 14:16:16 +0000  copying file ./GoogleMaps.bundle/GMSCoreResources.bundle/button_compass_night.png ... 
2018-08-31 14:16:16 +0000  720 bytes for ./GoogleMaps.bundle/GMSCoreResources.bundle/button_compass_night.png
copying file ./GoogleMaps.bundle/GMSCoreResources.bundle/button_my_location.png ... 
2018-08-31 14:16:16 +0000  492 bytes for ./GoogleMaps.bundle/GMSCoreResources.bundle/button_my_location.png
copying file ./GoogleMaps.bundle/GMSCoreResources.bundle/road_16-4.png ... 
2018-08-31 14:16:16 +0000  127 bytes for ./GoogleMaps.bundle/GMSCoreResources.bundle/road_16-4.png
2018-08-31 14:16:16 +0000  copying file ./GoogleMaps.bundle/GMSCoreResources.bundle/ms.lproj/GMSCore.strings ... 
2018-08-31 14:16:16 +0000  821 bytes for ./GoogleMaps.bundle/GMSCoreResources.bundle/ms.lproj/GMSCore.strings
2018-08-31 14:16:16 +0000  copying file ./GoogleMaps.bundle/GMSCoreResources.bundle/road_256-64.png ... 
2018-08-31 14:16:16 +0000  1934 bytes for ./GoogleMaps.bundle/GMSCoreResources.bundle/road_256-64.png
2018-08-31 14:16:16 +0000  copying file ./GoogleMaps.bundle/GMSCoreResources.bundle/button_compass.png ... 
2018-08-31 14:16:16 +0000  631 bytes for ./GoogleMaps.bundle/GMSCoreResources.bundle/button_compass.png
2018-08-31 14:16:16 +0000  copying file ./GoogleMaps.bundle/GMSCoreResources.bundle/sv.lproj/GMSCore.strings ... 
2018-08-31 14:16:16 +0000  893 bytes for ./GoogleMaps.bundle/GMSCoreResources.bundle/sv.lproj/GMSCore.strings
2018-08-31 14:16:16 +0000  copying file ./GoogleMaps.bundle/GMSCoreResources.bundle/road_8-2.png ... 
2018-08-31 14:16:16 +0000  93 bytes for ./GoogleMaps.bundle/GMSCoreResources.bundle/road_8-2.png
2018-08-31 14:16:16 +0000  copying file ./GoogleMaps.bundle/GMSCoreResources.bundle/cs.lproj/GMSCore.strings ... 
2018-08-31 14:16:16 +0000  940 bytes for ./GoogleMaps.bundle/GMSCoreResources.bundle/cs.lproj/GMSCore.strings
2018-08-31 14:16:16 +0000  copying file ./GoogleMaps.bundle/GMSCoreResources.bundle/button_background.png ... 
2018-08-31 14:16:16 +0000  334 bytes for ./GoogleMaps.bundle/GMSCoreResources.bundle/button_background.png
2018-08-31 14:16:16 +0000  copying file ./GoogleMaps.bundle/GMSCoreResources.bundle/GMSNavNightModeSprites-0-1x.png ... 
2018-08-31 14:16:16 +0000  3393 bytes for ./GoogleMaps.bundle/GMSCoreResources.bundle/GMSNavNightModeSprites-0-1x.png
2018-08-31 14:16:16 +0000  copying file ./GoogleMaps.bundle/GMSCoreResources.bundle/button_my_location@2x.png ... 
2018-08-31 14:16:16 +0000  1229 bytes for ./GoogleMaps.bundle/GMSCoreResources.bundle/button_my_location@2x.png
2018-08-31 14:16:16 +0000  copying file ./GoogleMaps.bundle/GMSCoreResources.bundle/en_IN.lproj/GMSCore.strings ... 
2018-08-31 14:16:16 +0000  801 bytes for ./GoogleMaps.bundle/GMSCoreResources.bundle/en_IN.lproj/GMSCore.strings
2018-08-31 14:16:16 +0000  copying file ./GoogleMaps.bundle/GMSCoreResources.bundle/ko.lproj/GMSCore.strings ... 
2018-08-31 14:16:16 +0000  814 bytes for ./GoogleMaps.bundle/GMSCoreResources.bundle/ko.lproj/GMSCore.strings
2018-08-31 14:16:16 +0000  copying file ./GoogleMaps.bundle/GMSCoreResources.bundle/GMSNavSprites-0-2x.png ... 
2018-08-31 14:16:16 +0000  7465 bytes for ./GoogleMaps.bundle/GMSCoreResources.bundle/GMSNavSprites-0-2x.png
2018-08-31 14:16:16 +0000  copying file ./GoogleMaps.bundle/GMSCoreResources.bundle/ic_location_off@2x.png ... 
2018-08-31 14:16:16 +0000  860 bytes for ./GoogleMaps.bundle/GMSCoreResources.bundle/ic_location_off@2x.png
copying file ./GoogleMaps.bundle/GMSCoreResources.bundle/GMSNavSprites-0-1x.png ... 
2018-08-31 14:16:16 +0000  3246 bytes for ./GoogleMaps.bundle/GMSCoreResources.bundle/GMSNavSprites-0-1x.png
2018-08-31 14:16:16 +0000  copying file ./GoogleMaps.bundle/GMSCoreResources.bundle/no.lproj/GMSCore.strings ... 
2018-08-31 14:16:16 +0000  841 bytes for ./GoogleMaps.bundle/GMSCoreResources.bundle/no.lproj/GMSCore.strings
2018-08-31 14:16:16 +0000  copying file ./GoogleMaps.bundle/GMSCoreResources.bundle/Tharlon-Regular.ttf ... 
2018-08-31 14:16:16 +0000  353228 bytes for ./GoogleMaps.bundle/GMSCoreResources.bundle/Tharlon-Regular.ttf
2018-08-31 14:16:16 +0000  copying file ./GoogleMaps.bundle/GMSCoreResources.bundle/hu.lproj/GMSCore.strings ... 
2018-08-31 14:16:16 +0000  996 bytes for ./GoogleMaps.bundle/GMSCoreResources.bundle/hu.lproj/GMSCore.strings
2018-08-31 14:16:16 +0000  copying file ./GoogleMaps.bundle/GMSCoreResources.bundle/zh_HK.lproj/GMSCore.strings ... 
2018-08-31 14:16:16 +0000  738 bytes for ./GoogleMaps.bundle/GMSCoreResources.bundle/zh_HK.lproj/GMSCore.strings
2018-08-31 14:16:16 +0000  copying file ./GoogleMaps.bundle/GMSCoreResources.bundle/road_4-1.png ... 
2018-08-31 14:16:16 +0000  74 bytes for ./GoogleMaps.bundle/GMSCoreResources.bundle/road_4-1.png
copying file ./GoogleMaps.bundle/GMSCoreResources.bundle/button_background@2x.png ... 
2018-08-31 14:16:16 +0000  433 bytes for ./GoogleMaps.bundle/GMSCoreResources.bundle/button_background@2x.png
copying file ./GoogleMaps.bundle/GMSCoreResources.bundle/ic_compass_needle@2x.png ... 
2018-08-31 14:16:16 +0000  992 bytes for ./GoogleMaps.bundle/GMSCoreResources.bundle/ic_compass_needle@2x.png
copying file ./GoogleMaps.bundle/GMSCoreResources.bundle/Assets.car ... 
2018-08-31 14:16:16 +0000  46179 bytes for ./GoogleMaps.bundle/GMSCoreResources.bundle/Assets.car
2018-08-31 14:16:16 +0000  copying file ./GoogleMaps.bundle/GMSCoreResources.bundle/tr.lproj/GMSCore.strings ... 
2018-08-31 14:16:16 +0000  944 bytes for ./GoogleMaps.bundle/GMSCoreResources.bundle/tr.lproj/GMSCore.strings
2018-08-31 14:16:16 +0000  copying file ./GoogleMaps.bundle/GMSCoreResources.bundle/pl.lproj/GMSCore.strings ... 
2018-08-31 14:16:16 +0000  897 bytes for ./GoogleMaps.bundle/GMSCoreResources.bundle/pl.lproj/GMSCore.strings
2018-08-31 14:16:16 +0000  copying file ./GoogleMaps.bundle/GMSCoreResources.bundle/zh_TW.lproj/GMSCore.strings ... 
2018-08-31 14:16:16 +0000  754 bytes for ./GoogleMaps.bundle/GMSCoreResources.bundle/zh_TW.lproj/GMSCore.strings
2018-08-31 14:16:16 +0000  copying file ./GoogleMaps.bundle/GMSCoreResources.bundle/GMSNavNightModeSprites-0-2x.png ... 
2018-08-31 14:16:16 +0000  7660 bytes for ./GoogleMaps.bundle/GMSCoreResources.bundle/GMSNavNightModeSprites-0-2x.png
copying file ./GoogleMaps.bundle/GMSCoreResources.bundle/GMSNavNightModeSprites-0-3x.png ... 
2018-08-31 14:16:16 +0000  12519 bytes for ./GoogleMaps.bundle/GMSCoreResources.bundle/GMSNavNightModeSprites-0-3x.png
2018-08-31 14:16:16 +0000  copying file ./GoogleMaps.bundle/GMSCoreResources.bundle/en_GB.lproj/GMSCore.strings ... 
2018-08-31 14:16:16 +0000  801 bytes for ./GoogleMaps.bundle/GMSCoreResources.bundle/en_GB.lproj/GMSCore.strings
2018-08-31 14:16:16 +0000  copying file ./GoogleMaps.bundle/GMSCoreResources.bundle/traffic_greyscale2.png ... 
2018-08-31 14:16:16 +0000  382 bytes for ./GoogleMaps.bundle/GMSCoreResources.bundle/traffic_greyscale2.png
copying file ./GoogleMaps.bundle/GMSCoreResources.bundle/dav_one_way_16_256.png ... 
2018-08-31 14:16:16 +0000  315 bytes for ./GoogleMaps.bundle/GMSCoreResources.bundle/dav_one_way_16_256.png
copying file ./GoogleMaps.bundle/GMSCoreResources.bundle/road_2-1.png ... 
2018-08-31 14:16:16 +0000  84 bytes for ./GoogleMaps.bundle/GMSCoreResources.bundle/road_2-1.png
2018-08-31 14:16:16 +0000  copying file ./GoogleMaps.bundle/GMSCoreResources.bundle/vi.lproj/GMSCore.strings ... 
2018-08-31 14:16:16 +0000  995 bytes for ./GoogleMaps.bundle/GMSCoreResources.bundle/vi.lproj/GMSCore.strings
copying file ./GoogleMaps.bundle/GMSCoreResources.bundle/button_background@3x.png ... 
2018-08-31 14:16:16 +0000  515 bytes for ./GoogleMaps.bundle/GMSCoreResources.bundle/button_background@3x.png
copying file ./GoogleMaps.bundle/GMSCoreResources.bundle/road_32-8.png ... 
2018-08-31 14:16:16 +0000  223 bytes for ./GoogleMaps.bundle/GMSCoreResources.bundle/road_32-8.png
2018-08-31 14:16:16 +0000  copying file ./GoogleMaps.bundle/GMSCoreResources.bundle/lv.lproj/GMSCore.strings ... 
2018-08-31 14:16:16 +0000  801 bytes for ./GoogleMaps.bundle/GMSCoreResources.bundle/lv.lproj/GMSCore.strings
2018-08-31 14:16:16 +0000  copying file ./GoogleMaps.bundle/GMSCoreResources.bundle/lt.lproj/GMSCore.strings ... 
2018-08-31 14:16:16 +0000  801 bytes for ./GoogleMaps.bundle/GMSCoreResources.bundle/lt.lproj/GMSCore.strings
2018-08-31 14:16:16 +0000  copying file ./GoogleMaps.bundle/GMSCoreResources.bundle/ru.lproj/GMSCore.strings ... 
2018-08-31 14:16:16 +0000  1066 bytes for ./GoogleMaps.bundle/GMSCoreResources.bundle/ru.lproj/GMSCore.strings
2018-08-31 14:16:16 +0000  copying file ./GoogleMaps.bundle/GMSCoreResources.bundle/traffic_greyscale1.png ... 
2018-08-31 14:16:16 +0000  342 bytes for ./GoogleMaps.bundle/GMSCoreResources.bundle/traffic_greyscale1.png
2018-08-31 14:16:16 +0000  copying file ./GoogleMaps.bundle/GMSCoreResources.bundle/polyline_colors_texture_dim.png ... 
2018-08-31 14:16:16 +0000  7026 bytes for ./GoogleMaps.bundle/GMSCoreResources.bundle/polyline_colors_texture_dim.png
2018-08-31 14:16:16 +0000  copying file ./GoogleMaps.bundle/GMSCoreResources.bundle/fr_CA.lproj/GMSCore.strings ... 
2018-08-31 14:16:16 +0000  908 bytes for ./GoogleMaps.bundle/GMSCoreResources.bundle/fr_CA.lproj/GMSCore.strings
2018-08-31 14:16:16 +0000  copying file ./GoogleMaps.bundle/GMSCoreResources.bundle/road_128-32.png ... 
2018-08-31 14:16:16 +0000  1029 bytes for ./GoogleMaps.bundle/GMSCoreResources.bundle/road_128-32.png
2018-08-31 14:16:16 +0000  copying file ./GoogleMaps.bundle/GMSCoreResources.bundle/fr.lproj/GMSCore.strings ... 
2018-08-31 14:16:16 +0000  1038 bytes for ./GoogleMaps.bundle/GMSCoreResources.bundle/fr.lproj/GMSCore.strings
2018-08-31 14:16:16 +0000  copying file ./GoogleMaps.bundle/GMSCoreResources.bundle/fi.lproj/GMSCore.strings ... 
2018-08-31 14:16:16 +0000  881 bytes for ./GoogleMaps.bundle/GMSCoreResources.bundle/fi.lproj/GMSCore.strings
2018-08-31 14:16:16 +0000  copying file ./GoogleMaps.bundle/GMSCoreResources.bundle/id.lproj/GMSCore.strings ... 
2018-08-31 14:16:16 +0000  816 bytes for ./GoogleMaps.bundle/GMSCoreResources.bundle/id.lproj/GMSCore.strings
2018-08-31 14:16:16 +0000  copying file ./GoogleMaps.bundle/GMSCoreResources.bundle/nl.lproj/GMSCore.strings ... 
2018-08-31 14:16:16 +0000  865 bytes for ./GoogleMaps.bundle/GMSCoreResources.bundle/nl.lproj/GMSCore.strings
2018-08-31 14:16:16 +0000  copying file ./GoogleMaps.bundle/GMSCoreResources.bundle/th.lproj/GMSCore.strings ... 
2018-08-31 14:16:16 +0000  896 bytes for ./GoogleMaps.bundle/GMSCoreResources.bundle/th.lproj/GMSCore.strings
2018-08-31 14:16:16 +0000  copying file ./GoogleMaps.bundle/GMSCoreResources.bundle/road_64-16.png ... 
2018-08-31 14:16:16 +0000  425 bytes for ./GoogleMaps.bundle/GMSCoreResources.bundle/road_64-16.png
2018-08-31 14:16:16 +0000  copying file ./GoogleMaps.bundle/GMSCoreResources.bundle/GMSSprites-0-3x.png ... 
2018-08-31 14:16:16 +0000  42326 bytes for ./GoogleMaps.bundle/GMSCoreResources.bundle/GMSSprites-0-3x.png
copying file ./GoogleMaps.bundle/GMSCoreResources.bundle/polyline_colors_texture.png ... 
2018-08-31 14:16:16 +0000  6982 bytes for ./GoogleMaps.bundle/GMSCoreResources.bundle/polyline_colors_texture.png
2018-08-31 14:16:16 +0000  copying file ./GoogleMaps.bundle/GMSCoreResources.bundle/ic_compass_needle.png ... 
2018-08-31 14:16:16 +0000  483 bytes for ./GoogleMaps.bundle/GMSCoreResources.bundle/ic_compass_needle.png
2018-08-31 14:16:16 +0000  copying file ./GoogleMaps.bundle/GMSCoreResources.bundle/pt.lproj/GMSCore.strings ... 
2018-08-31 14:16:16 +0000  948 bytes for ./GoogleMaps.bundle/GMSCoreResources.bundle/pt.lproj/GMSCore.strings
2018-08-31 14:16:16 +0000  copying file ./GoogleMaps.bundle/GMSCoreResources.bundle/road_1-1.png ... 
2018-08-31 14:16:16 +0000  95 bytes for ./GoogleMaps.bundle/GMSCoreResources.bundle/road_1-1.png
2018-08-31 14:16:16 +0000  copying file ./GoogleMaps.bundle/GMSCoreResources.bundle/ic_location_off.png ... 
2018-08-31 14:16:16 +0000  498 bytes for ./GoogleMaps.bundle/GMSCoreResources.bundle/ic_location_off.png
2018-08-31 14:16:16 +0000  copying file ./GoogleMaps.bundle/GMSCoreResources.bundle/ro.lproj/GMSCore.strings ... 
2018-08-31 14:16:16 +0000  985 bytes for ./GoogleMaps.bundle/GMSCoreResources.bundle/ro.lproj/GMSCore.strings
2018-08-31 14:16:16 +0000  copying file ./GoogleMaps.bundle/GMSCoreResources.bundle/traffic_startcap.png ... 
2018-08-31 14:16:16 +0000  243 bytes for ./GoogleMaps.bundle/GMSCoreResources.bundle/traffic_startcap.png
2018-08-31 14:16:16 +0000  copying file ./GoogleMaps.bundle/GMSCoreResources.bundle/Info.plist ... 
2018-08-31 14:16:16 +0000  510 bytes for ./GoogleMaps.bundle/GMSCoreResources.bundle/Info.plist
copying file ./GoogleMaps.bundle/GMSCoreResources.bundle/GMSSprites-0-2x.png ... 
2018-08-31 14:16:16 +0000  25169 bytes for ./GoogleMaps.bundle/GMSCoreResources.bundle/GMSSprites-0-2x.png
2018-08-31 14:16:16 +0000  copying file ./GoogleMaps.bundle/GMSCoreResources.bundle/button_compass_night@2x.png ... 
2018-08-31 14:16:16 +0000  2221 bytes for ./GoogleMaps.bundle/GMSCoreResources.bundle/button_compass_night@2x.png
2018-08-31 14:16:16 +0000  copying file ./GoogleMaps.bundle/GMSCoreResources.bundle/button_compass@2x.png ... 
2018-08-31 14:16:16 +0000  2560 bytes for ./GoogleMaps.bundle/GMSCoreResources.bundle/button_compass@2x.png
2018-08-31 14:16:16 +0000  copying file ./GoogleMaps.bundle/GMSCoreResources.bundle/hr.lproj/GMSCore.strings ... 
2018-08-31 14:16:16 +0000  909 bytes for ./GoogleMaps.bundle/GMSCoreResources.bundle/hr.lproj/GMSCore.strings
2018-08-31 14:16:16 +0000  copying file ./GoogleMaps.bundle/GMSCoreResources.bundle/hi.lproj/GMSCore.strings ... 
2018-08-31 14:16:16 +0000  994 bytes for ./GoogleMaps.bundle/GMSCoreResources.bundle/hi.lproj/GMSCore.strings
2018-08-31 14:16:16 +0000  copying file ./GoogleMaps.bundle/GMSCoreResources.bundle/ca.lproj/GMSCore.strings ... 
2018-08-31 14:16:16 +0000  1014 bytes for ./GoogleMaps.bundle/GMSCoreResources.bundle/ca.lproj/GMSCore.strings
2018-08-31 14:16:16 +0000  copying file ./GoogleMaps.bundle/default_marker.png ... 
2018-08-31 14:16:16 +0000  1221 bytes for ./GoogleMaps.bundle/default_marker.png
copying file ./GoogleMaps.bundle/oss_licenses_maps.txt.gz ... 
2018-08-31 14:16:16 +0000  22555 bytes for ./GoogleMaps.bundle/oss_licenses_maps.txt.gz
2018-08-31 14:16:16 +0000  copying file ./GoogleMaps.bundle/bubble_right.png ... 
2018-08-31 14:16:16 +0000  455 bytes for ./GoogleMaps.bundle/bubble_right.png
2018-08-31 14:16:16 +0000  copying file ./GoogleMaps.bundle/default_marker@3x.png ... 
2018-08-31 14:16:16 +0000  6988 bytes for ./GoogleMaps.bundle/default_marker@3x.png
copying file ./GoogleMaps.bundle/default_marker@2x.png ... 
2018-08-31 14:16:16 +0000  2531 bytes for ./GoogleMaps.bundle/default_marker@2x.png
2018-08-31 14:16:16 +0000  copying file ./GoogleMaps.bundle/GMSCacheStorage.momd/Storage.mom ... 
2018-08-31 14:16:16 +0000  4576 bytes for ./GoogleMaps.bundle/GMSCacheStorage.momd/Storage.mom
copying file ./GoogleMaps.bundle/GMSCacheStorage.momd/VersionInfo.plist ... 
2018-08-31 14:16:16 +0000  807 bytes for ./GoogleMaps.bundle/GMSCacheStorage.momd/VersionInfo.plist
2018-08-31 14:16:16 +0000  copying file ./GoogleMaps.bundle/GMSCacheStorage.momd/StorageWithTileVersionID.omo ... 
2018-08-31 14:16:16 +0000  10296 bytes for ./GoogleMaps.bundle/GMSCacheStorage.momd/StorageWithTileVersionID.omo
copying file ./GoogleMaps.bundle/GMSCacheStorage.momd/StorageWithTileVersionID.mom ... 
2018-08-31 14:16:16 +0000  4682 bytes for ./GoogleMaps.bundle/GMSCacheStorage.momd/StorageWithTileVersionID.mom
2018-08-31 14:16:16 +0000  copying file ./GoogleMaps.bundle/Info.plist ... 
2018-08-31 14:16:16 +0000  499 bytes for ./GoogleMaps.bundle/Info.plist
2018-08-31 14:16:16 +0000  copying file ./FontAwesome5_Brands.ttf ... 
2018-08-31 14:16:16 +0000  116280 bytes for ./FontAwesome5_Brands.ttf
copying file ./Icon-App-40x40@1x.png ... 
2018-08-31 14:16:16 +0000  1269 bytes for ./Icon-App-40x40@1x.png
2018-08-31 14:16:16 +0000  copying file ./MaterialCommunityIcons.ttf ... 
2018-08-31 14:16:16 +0000  373772 bytes for ./MaterialCommunityIcons.ttf
copying file ./Talbatk ... 
2018-08-31 14:16:16 +0000  133003056 bytes for ./Talbatk
2018-08-31 14:16:16 +0000  copying file ./AppIcon60x60@2x.png ... 
2018-08-31 14:16:16 +0000  6665 bytes for ./AppIcon60x60@2x.png
2018-08-31 14:16:16 +0000  copying file ./Icon-App-20x20@1x.png ... 
2018-08-31 14:16:16 +0000  497 bytes for ./Icon-App-20x20@1x.png
copying file ./AppIcon40x40@3x.png ... 
2018-08-31 14:16:16 +0000  6665 bytes for ./AppIcon40x40@3x.png
copying file ./DroidKufi-Regular.ttf ... 
2018-08-31 14:16:16 +0000  81224 bytes for ./DroidKufi-Regular.ttf
copying file ./Foundation.ttf ... 
2018-08-31 14:16:16 +0000  56976 bytes for ./Foundation.ttf
copying file ./AppIcon29x29~ipad.png ... 
2018-08-31 14:16:16 +0000  828 bytes for ./AppIcon29x29~ipad.png
copying file ./Ionicons.ttf ... 
2018-08-31 14:16:16 +0000  112472 bytes for ./Ionicons.ttf
2018-08-31 14:16:16 +0000  copying file ./FontAwesome5_Solid.ttf ... 
2018-08-31 14:16:16 +0000  168176 bytes for ./FontAwesome5_Solid.ttf
copying file ./FontAwesome5_Regular.ttf ... 
2018-08-31 14:16:16 +0000  40416 bytes for ./FontAwesome5_Regular.ttf
2018-08-31 14:16:16 +0000  copying file ./AppIcon29x29@3x.png ... 
2018-08-31 14:16:16 +0000  4185 bytes for ./AppIcon29x29@3x.png
copying file ./GoogleService-Info.plist ... 
2018-08-31 14:16:16 +0000  878 bytes for ./GoogleService-Info.plist
2018-08-31 14:16:16 +0000  copying file ./Icon-App-83.5x83.5@2x.png ... 
2018-08-31 14:16:16 +0000  10590 bytes for ./Icon-App-83.5x83.5@2x.png
copying file ./AppIcon60x60@3x.png ... 
2018-08-31 14:16:16 +0000  11658 bytes for ./AppIcon60x60@3x.png
2018-08-31 14:16:16 +0000  copying file ./Base.lproj/LaunchScreen.nib ... 
2018-08-31 14:16:16 +0000  1186 bytes for ./Base.lproj/LaunchScreen.nib
2018-08-31 14:16:16 +0000  copying file ./FontAwesome.ttf ... 
2018-08-31 14:16:16 +0000  165548 bytes for ./FontAwesome.ttf
copying file ./Icon-App-20x20@3x.png ... 
2018-08-31 14:16:16 +0000  2291 bytes for ./Icon-App-20x20@3x.png
copying file ./Zocial.ttf ... 
2018-08-31 14:16:16 +0000  25552 bytes for ./Zocial.ttf
copying file ./Assets.car ... 
2018-08-31 14:16:16 +0000  4412312 bytes for ./Assets.car
2018-08-31 14:16:16 +0000  copying file ./ItunesArtwork@2x.png ... 
2018-08-31 14:16:16 +0000  168646 bytes for ./ItunesArtwork@2x.png
2018-08-31 14:16:16 +0000  copying file ./main.jsbundle.meta ... 
2018-08-31 14:16:16 +0000  21 bytes for ./main.jsbundle.meta
2018-08-31 14:16:16 +0000  copying file ./AppIcon40x40@2x~ipad.png ... 
2018-08-31 14:16:16 +0000  3670 bytes for ./AppIcon40x40@2x~ipad.png
copying file ./EvilIcons.ttf ... 
2018-08-31 14:16:16 +0000  13456 bytes for ./EvilIcons.ttf
2018-08-31 14:16:16 +0000  copying file ./AppIcon76x76@2x~ipad.png ... 
2018-08-31 14:16:16 +0000  9267 bytes for ./AppIcon76x76@2x~ipad.png
2018-08-31 14:16:16 +0000  copying file ./main.jsbundle ... 
2018-08-31 14:16:16 +0000  1557346 bytes for ./main.jsbundle
2018-08-31 14:16:16 +0000  copying file ./AppIcon83.5x83.5@2x~ipad.png ... 
2018-08-31 14:16:16 +0000  10590 bytes for ./AppIcon83.5x83.5@2x~ipad.png
2018-08-31 14:16:16 +0000  copying file ./Icon-App-20x20@2x.png ... 
2018-08-31 14:16:16 +0000  1269 bytes for ./Icon-App-20x20@2x.png
copying file ./Icon-App-29x29@3x.png ... 
2018-08-31 14:16:16 +0000  4185 bytes for ./Icon-App-29x29@3x.png
2018-08-31 14:16:16 +0000  copying file ./AppIcon29x29@2x~ipad.png ... 
2018-08-31 14:16:16 +0000  2166 bytes for ./AppIcon29x29@2x~ipad.png
copying file ./Icon-App-40x40@2x.png ... 
2018-08-31 14:16:16 +0000  3670 bytes for ./Icon-App-40x40@2x.png
2018-08-31 14:16:16 +0000  copying file ./AppIcon40x40~ipad.png ... 
2018-08-31 14:16:16 +0000  1269 bytes for ./AppIcon40x40~ipad.png
copying file ./AppIcon20x20~ipad.png ... 
2018-08-31 14:16:16 +0000  497 bytes for ./AppIcon20x20~ipad.png
2018-08-31 14:16:16 +0000  copying file ./SimpleLineIcons.ttf ... 
2018-08-31 14:16:16 +0000  54056 bytes for ./SimpleLineIcons.ttf
2018-08-31 14:16:16 +0000  copying file ./Icon-App-60x60@3x.png ... 
2018-08-31 14:16:16 +0000  11658 bytes for ./Icon-App-60x60@3x.png
copying file ./embedded.mobileprovision ... 
2018-08-31 14:16:16 +0000  7632 bytes for ./embedded.mobileprovision
2018-08-31 14:16:16 +0000  copying file ./assets/node_modules/react-navigation/src/views/assets/back-icon@3x.png ... 
2018-08-31 14:16:16 +0000  761 bytes for ./assets/node_modules/react-navigation/src/views/assets/back-icon@3x.png
2018-08-31 14:16:16 +0000  copying file ./assets/node_modules/react-navigation/src/views/assets/back-icon@2x.png ... 
2018-08-31 14:16:16 +0000  405 bytes for ./assets/node_modules/react-navigation/src/views/assets/back-icon@2x.png
2018-08-31 14:16:16 +0000  copying file ./assets/node_modules/react-navigation/src/views/assets/back-icon.png ... 
2018-08-31 14:16:16 +0000  290 bytes for ./assets/node_modules/react-navigation/src/views/assets/back-icon.png
2018-08-31 14:16:16 +0000  copying file ./assets/node_modules/react-navigation/src/views/assets/back-icon-mask.png ... 
2018-08-31 14:16:16 +0000  659 bytes for ./assets/node_modules/react-navigation/src/views/assets/back-icon-mask.png
2018-08-31 14:16:16 +0000  copying file ./assets/node_modules/react-native-elements/src/rating/images/bell.png ... 
2018-08-31 14:16:16 +0000  2989 bytes for ./assets/node_modules/react-native-elements/src/rating/images/bell.png
2018-08-31 14:16:16 +0000  copying file ./assets/node_modules/react-native-elements/src/rating/images/heart.png ... 
2018-08-31 14:16:16 +0000  1928 bytes for ./assets/node_modules/react-native-elements/src/rating/images/heart.png
2018-08-31 14:16:16 +0000  copying file ./assets/node_modules/react-native-elements/src/rating/images/rocket.png ... 
2018-08-31 14:16:16 +0000  4050 bytes for ./assets/node_modules/react-native-elements/src/rating/images/rocket.png
copying file ./assets/node_modules/react-native-elements/src/rating/images/star.png ... 
2018-08-31 14:16:16 +0000  1961 bytes for ./assets/node_modules/react-native-elements/src/rating/images/star.png
2018-08-31 14:16:16 +0000  copying file ./assets/assets/images/delevering.png ... 
2018-08-31 14:16:16 +0000  471135 bytes for ./assets/assets/images/delevering.png
2018-08-31 14:16:16 +0000  copying file ./assets/assets/images/not-accepted.png ... 
2018-08-31 14:16:16 +0000  386801 bytes for ./assets/assets/images/not-accepted.png
2018-08-31 14:16:16 +0000  copying file ./assets/assets/images/splash.jpg ... 
2018-08-31 14:16:16 +0000  115529 bytes for ./assets/assets/images/splash.jpg
2018-08-31 14:16:16 +0000  copying file ./assets/assets/images/delivered.png ... 
2018-08-31 14:16:16 +0000  264855 bytes for ./assets/assets/images/delivered.png
2018-08-31 14:16:16 +0000  copying file ./assets/assets/images/head.jpg ... 
2018-08-31 14:16:16 +0000  109093 bytes for ./assets/assets/images/head.jpg
2018-08-31 14:16:16 +0000  copying file ./Icon-App-60x60@2x.png ... 
2018-08-31 14:16:16 +0000  6665 bytes for ./Icon-App-60x60@2x.png
copying file ./AppIcon20x20@2x~ipad.png ... 
2018-08-31 14:16:16 +0000  1269 bytes for ./AppIcon20x20@2x~ipad.png
2018-08-31 14:16:16 +0000  copying file ./Info.plist ... 
2018-08-31 14:16:16 +0000  2372 bytes for ./Info.plist
copying file ./Icon-App-76x76@1x.png ... 
2018-08-31 14:16:16 +0000  3405 bytes for ./Icon-App-76x76@1x.png
2018-08-31 14:16:16 +0000  copying file ./Icon-App-40x40@3x.png ... 
2018-08-31 14:16:16 +0000  6665 bytes for ./Icon-App-40x40@3x.png
2018-08-31 14:16:16 +0000  copying file ./PkgInfo ... 
2018-08-31 14:16:16 +0000  8 bytes for ./PkgInfo
2018-08-31 14:16:16 +0000  copying file ./MaterialIcons.ttf ... 
2018-08-31 14:16:16 +0000  128180 bytes for ./MaterialIcons.ttf
2018-08-31 14:16:16 +0000  copying file ./Icon-App-29x29@2x.png ... 
2018-08-31 14:16:16 +0000  2166 bytes for ./Icon-App-29x29@2x.png
2018-08-31 14:16:16 +0000  copying file ./AppIcon76x76~ipad.png ... 
2018-08-31 14:16:16 +0000  3405 bytes for ./AppIcon76x76~ipad.png
2018-08-31 14:16:16 +0000  
2018-08-31 14:16:16 +0000  
2018-08-31 14:16:16 +0000  
2018-08-31 14:16:16 +0000  
2018-08-31 14:16:16 +0000  2018-08-31 14:16:16 +0000  

2018-08-31 14:16:16 +0000  
2018-08-31 14:16:16 +0000  2018-08-31 14:16:16 +0000  

2018-08-31 14:16:16 +0000  
2018-08-31 14:16:16 +0000  
2018-08-31 14:16:16 +0000  
2018-08-31 14:16:16 +0000  2018-08-31 14:16:16 +0000  /usr/bin/ditto exited with 0
2018-08-31 14:16:16 +0000  

2018-08-31 14:16:16 +0000  Processing step: IDEDistributionEmbedProfileStep
2018-08-31 14:16:16 +0000  Processing step: IDEDistributionItemRemovalStep
2018-08-31 14:16:16 +0000  Processing step: IDEDistributionAppThinningPlistStep
2018-08-31 14:16:16 +0000  Skipping step: IDEDistributionAppThinningPlistStep because it said so
2018-08-31 14:16:16 +0000  Processing step: IDEDistributionCompileBitcodeStep
2018-08-31 14:16:16 +0000  Skipping step: IDEDistributionCompileBitcodeStep because it said so
2018-08-31 14:16:16 +0000  Processing step: IDEDistributionCodeSlimmingStep
2018-08-31 14:16:16 +0000  Processing step: IDEDistributionCopyBCSymbolMapsStep
2018-08-31 14:16:17 +0000  Running /usr/bin/ditto '-V' '/Users/amrmohamed/Library/Developer/Xcode/Archives/2018-08-31/Talbatk 8-31-18, 4.10 PM.xcarchive/BCSymbolMaps/06B70518-5288-3EB6-B8F2-04C818F69F95.bcsymbolmap' '/var/folders/x3/6yscgkcx0rs85y13x_y6cmhr0000gn/T/XcodeDistPipeline.nUP/Root/BCSymbolMaps/06B70518-5288-3EB6-B8F2-04C818F69F95.bcsymbolmap'
2018-08-31 14:16:17 +0000  >>> Copying /Users/amrmohamed/Library/Developer/Xcode/Archives/2018-08-31/Talbatk 8-31-18, 4.10 PM.xcarchive/BCSymbolMaps/06B70518-5288-3EB6-B8F2-04C818F69F95.bcsymbolmap 
2018-08-31 14:16:17 +0000  copying file ./06B70518-5288-3EB6-B8F2-04C818F69F95.bcsymbolmap ... 
2018-08-31 14:16:17 +0000  2457890 bytes for ./06B70518-5288-3EB6-B8F2-04C818F69F95.bcsymbolmap
2018-08-31 14:16:17 +0000  2018-08-31 14:16:17 +0000  

2018-08-31 14:16:17 +0000  /usr/bin/ditto exited with 0
2018-08-31 14:16:17 +0000  
2018-08-31 14:16:17 +0000  Running /usr/bin/ditto '-V' '/Users/amrmohamed/Library/Developer/Xcode/Archives/2018-08-31/Talbatk 8-31-18, 4.10 PM.xcarchive/BCSymbolMaps/3B65383C-4DDF-3027-A8C0-AB9F39F87AD4.bcsymbolmap' '/var/folders/x3/6yscgkcx0rs85y13x_y6cmhr0000gn/T/XcodeDistPipeline.nUP/Root/BCSymbolMaps/3B65383C-4DDF-3027-A8C0-AB9F39F87AD4.bcsymbolmap'
2018-08-31 14:16:17 +0000  >>> Copying /Users/amrmohamed/Library/Developer/Xcode/Archives/2018-08-31/Talbatk 8-31-18, 4.10 PM.xcarchive/BCSymbolMaps/3B65383C-4DDF-3027-A8C0-AB9F39F87AD4.bcsymbolmap 
2018-08-31 14:16:17 +0000  copying file ./3B65383C-4DDF-3027-A8C0-AB9F39F87AD4.bcsymbolmap ... 
2018-08-31 14:16:17 +0000  2467859 bytes for ./3B65383C-4DDF-3027-A8C0-AB9F39F87AD4.bcsymbolmap
2018-08-31 14:16:17 +0000  
2018-08-31 14:16:17 +0000  
2018-08-31 14:16:17 +0000  /usr/bin/ditto exited with 02018-08-31 14:16:17 +0000  

2018-08-31 14:16:17 +0000  Processing step: IDEDistributionSymbolsStep
2018-08-31 14:16:17 +0000  Excluding symbols for Talbatk.app
2018-08-31 14:16:17 +0000  Processing step: IDEDistributionCopyAppleProvidedContentStep
2018-08-31 14:16:17 +0000  Processing step: IDEDistributionAppThinningStep
2018-08-31 14:16:17 +0000  Skipping step: IDEDistributionAppThinningStep because it said so
2018-08-31 14:16:17 +0000  Processing step: IDEDistributionODRStep
2018-08-31 14:16:17 +0000  Processing step: IDEDistributionStripXattrsStep
2018-08-31 14:16:17 +0000  Running /usr/bin/xattr '-crs' '/var/folders/x3/6yscgkcx0rs85y13x_y6cmhr0000gn/T/XcodeDistPipeline.nUP/Root/Payload/Talbatk.app'
2018-08-31 14:16:17 +0000  
2018-08-31 14:16:17 +0000  
2018-08-31 14:16:17 +0000  2018-08-31 14:16:17 +0000  /usr/bin/xattr exited with 0
2018-08-31 14:16:17 +0000  
2018-08-31 14:16:17 +0000  Processing step: IDEDistributionCodesignStep

2018-08-31 14:16:17 +0000  Entitlements for <IDEDistributionItem: 0x7fa6d695a400 'com.tazawaq.tazawaqapp' '<DVTFilePath:0x7fa6d68cf2c0:'/Users/amrmohamed/Library/Developer/Xcode/Archives/2018-08-31/Talbatk 8-31-18, 4.10 PM.xcarchive/Products/Applications/Talbatk.app'>'>: {
    "application-identifier" = "3NGGT5P4S8.com.tazawaq.tazawaqapp";
    "aps-environment" = production;
    "beta-reports-active" = 1;
    "com.apple.developer.team-identifier" = 3NGGT5P4S8;
    "get-task-allow" = 0;
}
2018-08-31 14:16:17 +0000  Writing entitlements for <IDEDistributionItem: 0x7fa6d695a400 'com.tazawaq.tazawaqapp' '<DVTFilePath:0x7fa6d68cf2c0:'/Users/amrmohamed/Library/Developer/Xcode/Archives/2018-08-31/Talbatk 8-31-18, 4.10 PM.xcarchive/Products/Applications/Talbatk.app'>'> to: /var/folders/x3/6yscgkcx0rs85y13x_y6cmhr0000gn/T/XcodeDistPipeline.nUP/entitlementsDcgHa7
2018-08-31 14:16:17 +0000  Running /usr/bin/codesign '-vvv' '--force' '--sign' 'ECD496FF04CE32408790DC8A0299317B7C26778F' '--preserve-metadata=identifier,flags' '--entitlements' '/var/folders/x3/6yscgkcx0rs85y13x_y6cmhr0000gn/T/XcodeDistPipeline.nUP/entitlementsDcgHa7' '/var/folders/x3/6yscgkcx0rs85y13x_y6cmhr0000gn/T/XcodeDistPipeline.nUP/Root/Payload/Talbatk.app'
2018-08-31 14:16:28 +0000  /var/folders/x3/6yscgkcx0rs85y13x_y6cmhr0000gn/T/XcodeDistPipeline.nUP/Root/Payload/Talbatk.app: signed app bundle with Mach-O universal (armv7 arm64) [com.tazawaq.tazawaqapp]
2018-08-31 14:16:28 +0000  2018-08-31 14:16:28 +0000  

2018-08-31 14:16:28 +0000  /usr/bin/codesign exited with 0
2018-08-31 14:16:28 +0000  
2018-08-31 14:16:28 +0000  Processing step: IDEDistributionStreamingZipItemStep
2018-08-31 14:16:28 +0000  Skipping step: IDEDistributionStreamingZipItemStep because it said so
2018-08-31 14:16:28 +0000  Processing step: IDEDistributionCreateIPAStep
2018-08-31 14:16:28 +0000  Running /usr/bin/ditto '-V' '-c' '-k' '--norsrc' '/var/folders/x3/6yscgkcx0rs85y13x_y6cmhr0000gn/T/XcodeDistPipeline.nUP/Root' '/var/folders/x3/6yscgkcx0rs85y13x_y6cmhr0000gn/T/XcodeDistPipeline.nUP/Packages/Talbatk.ipa'
2018-08-31 14:16:28 +0000  >>> Copying /var/folders/x3/6yscgkcx0rs85y13x_y6cmhr0000gn/T/XcodeDistPipeline.nUP/Root 
2018-08-31 14:16:28 +0000  copying file ./BCSymbolMaps/3B65383C-4DDF-3027-A8C0-AB9F39F87AD4.bcsymbolmap ... 
2018-08-31 14:16:28 +0000  2467859 bytes for ./BCSymbolMaps/3B65383C-4DDF-3027-A8C0-AB9F39F87AD4.bcsymbolmap
copying file ./BCSymbolMaps/06B70518-5288-3EB6-B8F2-04C818F69F95.bcsymbolmap ... 
2018-08-31 14:16:28 +0000  2457890 bytes for ./BCSymbolMaps/06B70518-5288-3EB6-B8F2-04C818F69F95.bcsymbolmap
2018-08-31 14:16:28 +0000  copying file ./Payload/Talbatk.app/_CodeSignature/CodeResources ... 
68989 bytes for ./Payload/Talbatk.app/_CodeSignature/CodeResources
copying file ./Payload/Talbatk.app/Icon-App-76x76@2x.png ... 
9267 bytes for ./Payload/Talbatk.app/Icon-App-76x76@2x.png
copying file ./Payload/Talbatk.app/Octicons.ttf ... 
2018-08-31 14:16:28 +0000  27440 bytes for ./Payload/Talbatk.app/Octicons.ttf
copying file ./Payload/Talbatk.app/Feather.ttf ... 
2018-08-31 14:16:28 +0000  65112 bytes for ./Payload/Talbatk.app/Feather.ttf
copying file ./Payload/Talbatk.app/Icon-App-29x29@1x.png ... 
2018-08-31 14:16:28 +0000  828 bytes for ./Payload/Talbatk.app/Icon-App-29x29@1x.png
copying file ./Payload/Talbatk.app/Entypo.ttf ... 
2018-08-31 14:16:28 +0000  65584 bytes for ./Payload/Talbatk.app/Entypo.ttf
copying file ./Payload/Talbatk.app/AppIcon20x20@3x.png ... 
2018-08-31 14:16:28 +0000  2291 bytes for ./Payload/Talbatk.app/AppIcon20x20@3x.png
copying file ./Payload/Talbatk.app/GoogleMaps.bundle/bubble_left@3x.png ... 
2018-08-31 14:16:28 +0000  2386 bytes for ./Payload/Talbatk.app/GoogleMaps.bundle/bubble_left@3x.png
copying file ./Payload/Talbatk.app/GoogleMaps.bundle/bubble_left.png ... 
2018-08-31 14:16:28 +0000  451 bytes for ./Payload/Talbatk.app/GoogleMaps.bundle/bubble_left.png
copying file ./Payload/Talbatk.app/GoogleMaps.bundle/bubble_left@2x.png ... 
2018-08-31 14:16:28 +0000  1055 bytes for ./Payload/Talbatk.app/GoogleMaps.bundle/bubble_left@2x.png
copying file ./Payload/Talbatk.app/GoogleMaps.bundle/bubble_right@3x.png ... 
2018-08-31 14:16:28 +0000  2374 bytes for ./Payload/Talbatk.app/GoogleMaps.bundle/bubble_right@3x.png
copying file ./Payload/Talbatk.app/GoogleMaps.bundle/bubble_right@2x.png ... 
1051 bytes for ./Payload/Talbatk.app/GoogleMaps.bundle/bubble_right@2x.png
2018-08-31 14:16:28 +0000  copying file ./Payload/Talbatk.app/GoogleMaps.bundle/GMSCoreResources.bundle/de.lproj/GMSCore.strings ... 
2018-08-31 14:16:28 +0000  849 bytes for ./Payload/Talbatk.app/GoogleMaps.bundle/GMSCoreResources.bundle/de.lproj/GMSCore.strings
copying file ./Payload/Talbatk.app/GoogleMaps.bundle/GMSCoreResources.bundle/he.lproj/GMSCore.strings ... 
2018-08-31 14:16:28 +0000  930 bytes for ./Payload/Talbatk.app/GoogleMaps.bundle/GMSCoreResources.bundle/he.lproj/GMSCore.strings
copying file ./Payload/Talbatk.app/GoogleMaps.bundle/GMSCoreResources.bundle/en_AU.lproj/GMSCore.strings ... 
2018-08-31 14:16:28 +0000  801 bytes for ./Payload/Talbatk.app/GoogleMaps.bundle/GMSCoreResources.bundle/en_AU.lproj/GMSCore.strings
copying file ./Payload/Talbatk.app/GoogleMaps.bundle/GMSCoreResources.bundle/ar.lproj/GMSCore.strings ... 
992 bytes for ./Payload/Talbatk.app/GoogleMaps.bundle/GMSCoreResources.bundle/ar.lproj/GMSCore.strings
copying file ./Payload/Talbatk.app/GoogleMaps.bundle/GMSCoreResources.bundle/el.lproj/GMSCore.strings ... 
2018-08-31 14:16:28 +0000  996 bytes for ./Payload/Talbatk.app/GoogleMaps.bundle/GMSCoreResources.bundle/el.lproj/GMSCore.strings
copying file ./Payload/Talbatk.app/GoogleMaps.bundle/GMSCoreResources.bundle/ja.lproj/GMSCore.strings ... 
2018-08-31 14:16:28 +0000  776 bytes for ./Payload/Talbatk.app/GoogleMaps.bundle/GMSCoreResources.bundle/ja.lproj/GMSCore.strings
copying file ./Payload/Talbatk.app/GoogleMaps.bundle/GMSCoreResources.bundle/iw.lproj/GMSCore.strings ... 
2018-08-31 14:16:28 +0000  930 bytes for ./Payload/Talbatk.app/GoogleMaps.bundle/GMSCoreResources.bundle/iw.lproj/GMSCore.strings
copying file ./Payload/Talbatk.app/GoogleMaps.bundle/GMSCoreResources.bundle/ic_qu_direction_mylocation@2x.png ... 
663 bytes for ./Payload/Talbatk.app/GoogleMaps.bundle/GMSCoreResources.bundle/ic_qu_direction_mylocation@2x.png
copying file ./Payload/Talbatk.app/GoogleMaps.bundle/GMSCoreResources.bundle/en.lproj/GMSCore.strings ... 
2018-08-31 14:16:28 +0000  801 bytes for ./Payload/Talbatk.app/GoogleMaps.bundle/GMSCoreResources.bundle/en.lproj/GMSCore.strings
copying file ./Payload/Talbatk.app/GoogleMaps.bundle/GMSCoreResources.bundle/uk.lproj/GMSCore.strings ... 
982 bytes for ./Payload/Talbatk.app/GoogleMaps.bundle/GMSCoreResources.bundle/uk.lproj/GMSCore.strings
copying file ./Payload/Talbatk.app/GoogleMaps.bundle/GMSCoreResources.bundle/ic_qu_direction_mylocation.png ... 
2018-08-31 14:16:28 +0000  362 bytes for ./Payload/Talbatk.app/GoogleMaps.bundle/GMSCoreResources.bundle/ic_qu_direction_mylocation.png
copying file ./Payload/Talbatk.app/GoogleMaps.bundle/GMSCoreResources.bundle/es_419.lproj/GMSCore.strings ... 
2018-08-31 14:16:28 +0000  1016 bytes for ./Payload/Talbatk.app/GoogleMaps.bundle/GMSCoreResources.bundle/es_419.lproj/GMSCore.strings
copying file ./Payload/Talbatk.app/GoogleMaps.bundle/GMSCoreResources.bundle/GMSSprites-0-1x.png ... 
2018-08-31 14:16:28 +0000  10365 bytes for ./Payload/Talbatk.app/GoogleMaps.bundle/GMSCoreResources.bundle/GMSSprites-0-1x.png
copying file ./Payload/Talbatk.app/GoogleMaps.bundle/GMSCoreResources.bundle/ic_compass_needle_large@2x.png ... 
2018-08-31 14:16:28 +0000  2446 bytes for ./Payload/Talbatk.app/GoogleMaps.bundle/GMSCoreResources.bundle/ic_compass_needle_large@2x.png
2018-08-31 14:16:28 +0000  copying file ./Payload/Talbatk.app/GoogleMaps.bundle/GMSCoreResources.bundle/ic_compass_needle_large@3x.png ... 
2018-08-31 14:16:28 +0000  3304 bytes for ./Payload/Talbatk.app/GoogleMaps.bundle/GMSCoreResources.bundle/ic_compass_needle_large@3x.png
copying file ./Payload/Talbatk.app/GoogleMaps.bundle/GMSCoreResources.bundle/es_MX.lproj/GMSCore.strings ... 
2018-08-31 14:16:28 +0000  1016 bytes for ./Payload/Talbatk.app/GoogleMaps.bundle/GMSCoreResources.bundle/es_MX.lproj/GMSCore.strings
copying file ./Payload/Talbatk.app/GoogleMaps.bundle/GMSCoreResources.bundle/ic_compass_needle_large.png ... 
1114 bytes for ./Payload/Talbatk.app/GoogleMaps.bundle/GMSCoreResources.bundle/ic_compass_needle_large.png
2018-08-31 14:16:28 +0000  copying file ./Payload/Talbatk.app/GoogleMaps.bundle/GMSCoreResources.bundle/zh_CN.lproj/GMSCore.strings ... 
748 bytes for ./Payload/Talbatk.app/GoogleMaps.bundle/GMSCoreResources.bundle/zh_CN.lproj/GMSCore.strings
copying file ./Payload/Talbatk.app/GoogleMaps.bundle/GMSCoreResources.bundle/ic_qu_direction_mylocation@3x.png ... 
2018-08-31 14:16:28 +0000  1240 bytes for ./Payload/Talbatk.app/GoogleMaps.bundle/GMSCoreResources.bundle/ic_qu_direction_mylocation@3x.png
copying file ./Payload/Talbatk.app/GoogleMaps.bundle/GMSCoreResources.bundle/DroidSansMerged-Regular.ttf ... 
2018-08-31 14:16:28 +0000  392092 bytes for ./Payload/Talbatk.app/GoogleMaps.bundle/GMSCoreResources.bundle/DroidSansMerged-Regular.ttf
2018-08-31 14:16:28 +0000  copying file ./Payload/Talbatk.app/GoogleMaps.bundle/GMSCoreResources.bundle/nb.lproj/GMSCore.strings ... 
841 bytes for ./Payload/Talbatk.app/GoogleMaps.bundle/GMSCoreResources.bundle/nb.lproj/GMSCore.strings
copying file ./Payload/Talbatk.app/GoogleMaps.bundle/GMSCoreResources.bundle/es.lproj/GMSCore.strings ... 
2018-08-31 14:16:28 +0000  1019 bytes for ./Payload/Talbatk.app/GoogleMaps.bundle/GMSCoreResources.bundle/es.lproj/GMSCore.strings
copying file ./Payload/Talbatk.app/GoogleMaps.bundle/GMSCoreResources.bundle/traffic_endcap.png ... 
2018-08-31 14:16:28 +0000  210 bytes for ./Payload/Talbatk.app/GoogleMaps.bundle/GMSCoreResources.bundle/traffic_endcap.png
copying file ./Payload/Talbatk.app/GoogleMaps.bundle/GMSCoreResources.bundle/pt_BR.lproj/GMSCore.strings ... 
948 bytes for ./Payload/Talbatk.app/GoogleMaps.bundle/GMSCoreResources.bundle/pt_BR.lproj/GMSCore.strings
2018-08-31 14:16:28 +0000  copying file ./Payload/Talbatk.app/GoogleMaps.bundle/GMSCoreResources.bundle/da.lproj/GMSCore.strings ... 
924 bytes for ./Payload/Talbatk.app/GoogleMaps.bundle/GMSCoreResources.bundle/da.lproj/GMSCore.strings
copying file ./Payload/Talbatk.app/GoogleMaps.bundle/GMSCoreResources.bundle/ic_location_off@3x.png ... 
2018-08-31 14:16:28 +0000  1577 bytes for ./Payload/Talbatk.app/GoogleMaps.bundle/GMSCoreResources.bundle/ic_location_off@3x.png
copying file ./Payload/Talbatk.app/GoogleMaps.bundle/GMSCoreResources.bundle/it.lproj/GMSCore.strings ... 
2018-08-31 14:16:28 +0000  876 bytes for ./Payload/Talbatk.app/GoogleMaps.bundle/GMSCoreResources.bundle/it.lproj/GMSCore.strings
copying file ./Payload/Talbatk.app/GoogleMaps.bundle/GMSCoreResources.bundle/sk.lproj/GMSCore.strings ... 
2018-08-31 14:16:28 +0000  904 bytes for ./Payload/Talbatk.app/GoogleMaps.bundle/GMSCoreResources.bundle/sk.lproj/GMSCore.strings
copying file ./Payload/Talbatk.app/GoogleMaps.bundle/GMSCoreResources.bundle/GMSNavSprites-0-3x.png ... 
2018-08-31 14:16:28 +0000  10683 bytes for ./Payload/Talbatk.app/GoogleMaps.bundle/GMSCoreResources.bundle/GMSNavSprites-0-3x.png
2018-08-31 14:16:28 +0000  copying file ./Payload/Talbatk.app/GoogleMaps.bundle/GMSCoreResources.bundle/pt_PT.lproj/GMSCore.strings ... 
2018-08-31 14:16:28 +0000  992 bytes for ./Payload/Talbatk.app/GoogleMaps.bundle/GMSCoreResources.bundle/pt_PT.lproj/GMSCore.strings
copying file ./Payload/Talbatk.app/GoogleMaps.bundle/GMSCoreResources.bundle/button_compass_night.png ... 
720 bytes for ./Payload/Talbatk.app/GoogleMaps.bundle/GMSCoreResources.bundle/button_compass_night.png
copying file ./Payload/Talbatk.app/GoogleMaps.bundle/GMSCoreResources.bundle/button_my_location.png ... 
2018-08-31 14:16:28 +0000  492 bytes for ./Payload/Talbatk.app/GoogleMaps.bundle/GMSCoreResources.bundle/button_my_location.png
copying file ./Payload/Talbatk.app/GoogleMaps.bundle/GMSCoreResources.bundle/road_16-4.png ... 
127 bytes for ./Payload/Talbatk.app/GoogleMaps.bundle/GMSCoreResources.bundle/road_16-4.png
2018-08-31 14:16:28 +0000  copying file ./Payload/Talbatk.app/GoogleMaps.bundle/GMSCoreResources.bundle/ms.lproj/GMSCore.strings ... 
821 bytes for ./Payload/Talbatk.app/GoogleMaps.bundle/GMSCoreResources.bundle/ms.lproj/GMSCore.strings
2018-08-31 14:16:28 +0000  copying file ./Payload/Talbatk.app/GoogleMaps.bundle/GMSCoreResources.bundle/road_256-64.png ... 
1934 bytes for ./Payload/Talbatk.app/GoogleMaps.bundle/GMSCoreResources.bundle/road_256-64.png
copying file ./Payload/Talbatk.app/GoogleMaps.bundle/GMSCoreResources.bundle/button_compass.png ... 
2018-08-31 14:16:28 +0000  631 bytes for ./Payload/Talbatk.app/GoogleMaps.bundle/GMSCoreResources.bundle/button_compass.png
2018-08-31 14:16:28 +0000  copying file ./Payload/Talbatk.app/GoogleMaps.bundle/GMSCoreResources.bundle/sv.lproj/GMSCore.strings ... 
2018-08-31 14:16:28 +0000  893 bytes for ./Payload/Talbatk.app/GoogleMaps.bundle/GMSCoreResources.bundle/sv.lproj/GMSCore.strings
copying file ./Payload/Talbatk.app/GoogleMaps.bundle/GMSCoreResources.bundle/road_8-2.png ... 
93 bytes for ./Payload/Talbatk.app/GoogleMaps.bundle/GMSCoreResources.bundle/road_8-2.png
copying file ./Payload/Talbatk.app/GoogleMaps.bundle/GMSCoreResources.bundle/cs.lproj/GMSCore.strings ... 
2018-08-31 14:16:28 +0000  940 bytes for ./Payload/Talbatk.app/GoogleMaps.bundle/GMSCoreResources.bundle/cs.lproj/GMSCore.strings
copying file ./Payload/Talbatk.app/GoogleMaps.bundle/GMSCoreResources.bundle/button_background.png ... 
2018-08-31 14:16:28 +0000  334 bytes for ./Payload/Talbatk.app/GoogleMaps.bundle/GMSCoreResources.bundle/button_background.png
copying file ./Payload/Talbatk.app/GoogleMaps.bundle/GMSCoreResources.bundle/GMSNavNightModeSprites-0-1x.png ... 
2018-08-31 14:16:28 +0000  3393 bytes for ./Payload/Talbatk.app/GoogleMaps.bundle/GMSCoreResources.bundle/GMSNavNightModeSprites-0-1x.png
copying file ./Payload/Talbatk.app/GoogleMaps.bundle/GMSCoreResources.bundle/button_my_location@2x.png ... 
1229 bytes for ./Payload/Talbatk.app/GoogleMaps.bundle/GMSCoreResources.bundle/button_my_location@2x.png
copying file ./Payload/Talbatk.app/GoogleMaps.bundle/GMSCoreResources.bundle/en_IN.lproj/GMSCore.strings ... 
2018-08-31 14:16:28 +0000  801 bytes for ./Payload/Talbatk.app/GoogleMaps.bundle/GMSCoreResources.bundle/en_IN.lproj/GMSCore.strings
copying file ./Payload/Talbatk.app/GoogleMaps.bundle/GMSCoreResources.bundle/ko.lproj/GMSCore.strings ... 
2018-08-31 14:16:28 +0000  814 bytes for ./Payload/Talbatk.app/GoogleMaps.bundle/GMSCoreResources.bundle/ko.lproj/GMSCore.strings
copying file ./Payload/Talbatk.app/GoogleMaps.bundle/GMSCoreResources.bundle/GMSNavSprites-0-2x.png ... 
2018-08-31 14:16:28 +0000  7465 bytes for ./Payload/Talbatk.app/GoogleMaps.bundle/GMSCoreResources.bundle/GMSNavSprites-0-2x.png
copying file ./Payload/Talbatk.app/GoogleMaps.bundle/GMSCoreResources.bundle/ic_location_off@2x.png ... 
860 bytes for ./Payload/Talbatk.app/GoogleMaps.bundle/GMSCoreResources.bundle/ic_location_off@2x.png
copying file ./Payload/Talbatk.app/GoogleMaps.bundle/GMSCoreResources.bundle/GMSNavSprites-0-1x.png ... 
2018-08-31 14:16:28 +0000  3246 bytes for ./Payload/Talbatk.app/GoogleMaps.bundle/GMSCoreResources.bundle/GMSNavSprites-0-1x.png
copying file ./Payload/Talbatk.app/GoogleMaps.bundle/GMSCoreResources.bundle/no.lproj/GMSCore.strings ... 
841 bytes for ./Payload/Talbatk.app/GoogleMaps.bundle/GMSCoreResources.bundle/no.lproj/GMSCore.strings
2018-08-31 14:16:28 +0000  copying file ./Payload/Talbatk.app/GoogleMaps.bundle/GMSCoreResources.bundle/Tharlon-Regular.ttf ... 
2018-08-31 14:16:28 +0000  353228 bytes for ./Payload/Talbatk.app/GoogleMaps.bundle/GMSCoreResources.bundle/Tharlon-Regular.ttf
2018-08-31 14:16:28 +0000  copying file ./Payload/Talbatk.app/GoogleMaps.bundle/GMSCoreResources.bundle/hu.lproj/GMSCore.strings ... 
996 bytes for ./Payload/Talbatk.app/GoogleMaps.bundle/GMSCoreResources.bundle/hu.lproj/GMSCore.strings
copying file ./Payload/Talbatk.app/GoogleMaps.bundle/GMSCoreResources.bundle/zh_HK.lproj/GMSCore.strings ... 
738 bytes for ./Payload/Talbatk.app/GoogleMaps.bundle/GMSCoreResources.bundle/zh_HK.lproj/GMSCore.strings
2018-08-31 14:16:28 +0000  copying file ./Payload/Talbatk.app/GoogleMaps.bundle/GMSCoreResources.bundle/road_4-1.png ... 
74 bytes for ./Payload/Talbatk.app/GoogleMaps.bundle/GMSCoreResources.bundle/road_4-1.png
copying file ./Payload/Talbatk.app/GoogleMaps.bundle/GMSCoreResources.bundle/button_background@2x.png ... 
2018-08-31 14:16:28 +0000  433 bytes for ./Payload/Talbatk.app/GoogleMaps.bundle/GMSCoreResources.bundle/button_background@2x.png
2018-08-31 14:16:28 +0000  copying file ./Payload/Talbatk.app/GoogleMaps.bundle/GMSCoreResources.bundle/ic_compass_needle@2x.png ... 
992 bytes for ./Payload/Talbatk.app/GoogleMaps.bundle/GMSCoreResources.bundle/ic_compass_needle@2x.png
copying file ./Payload/Talbatk.app/GoogleMaps.bundle/GMSCoreResources.bundle/Assets.car ... 
2018-08-31 14:16:28 +0000  46179 bytes for ./Payload/Talbatk.app/GoogleMaps.bundle/GMSCoreResources.bundle/Assets.car
2018-08-31 14:16:28 +0000  copying file ./Payload/Talbatk.app/GoogleMaps.bundle/GMSCoreResources.bundle/tr.lproj/GMSCore.strings ... 
2018-08-31 14:16:28 +0000  944 bytes for ./Payload/Talbatk.app/GoogleMaps.bundle/GMSCoreResources.bundle/tr.lproj/GMSCore.strings
copying file ./Payload/Talbatk.app/GoogleMaps.bundle/GMSCoreResources.bundle/pl.lproj/GMSCore.strings ... 
897 bytes for ./Payload/Talbatk.app/GoogleMaps.bundle/GMSCoreResources.bundle/pl.lproj/GMSCore.strings
2018-08-31 14:16:28 +0000  copying file ./Payload/Talbatk.app/GoogleMaps.bundle/GMSCoreResources.bundle/zh_TW.lproj/GMSCore.strings ... 
754 bytes for ./Payload/Talbatk.app/GoogleMaps.bundle/GMSCoreResources.bundle/zh_TW.lproj/GMSCore.strings
copying file ./Payload/Talbatk.app/GoogleMaps.bundle/GMSCoreResources.bundle/GMSNavNightModeSprites-0-2x.png ... 
2018-08-31 14:16:28 +0000  7660 bytes for ./Payload/Talbatk.app/GoogleMaps.bundle/GMSCoreResources.bundle/GMSNavNightModeSprites-0-2x.png
copying file ./Payload/Talbatk.app/GoogleMaps.bundle/GMSCoreResources.bundle/GMSNavNightModeSprites-0-3x.png ... 
2018-08-31 14:16:28 +0000  12519 bytes for ./Payload/Talbatk.app/GoogleMaps.bundle/GMSCoreResources.bundle/GMSNavNightModeSprites-0-3x.png
2018-08-31 14:16:28 +0000  copying file ./Payload/Talbatk.app/GoogleMaps.bundle/GMSCoreResources.bundle/en_GB.lproj/GMSCore.strings ... 
801 bytes for ./Payload/Talbatk.app/GoogleMaps.bundle/GMSCoreResources.bundle/en_GB.lproj/GMSCore.strings
copying file ./Payload/Talbatk.app/GoogleMaps.bundle/GMSCoreResources.bundle/traffic_greyscale2.png ... 
2018-08-31 14:16:28 +0000  382 bytes for ./Payload/Talbatk.app/GoogleMaps.bundle/GMSCoreResources.bundle/traffic_greyscale2.png
copying file ./Payload/Talbatk.app/GoogleMaps.bundle/GMSCoreResources.bundle/dav_one_way_16_256.png ... 
2018-08-31 14:16:28 +0000  315 bytes for ./Payload/Talbatk.app/GoogleMaps.bundle/GMSCoreResources.bundle/dav_one_way_16_256.png
copying file ./Payload/Talbatk.app/GoogleMaps.bundle/GMSCoreResources.bundle/road_2-1.png ... 
2018-08-31 14:16:28 +0000  84 bytes for ./Payload/Talbatk.app/GoogleMaps.bundle/GMSCoreResources.bundle/road_2-1.png
2018-08-31 14:16:28 +0000  copying file ./Payload/Talbatk.app/GoogleMaps.bundle/GMSCoreResources.bundle/vi.lproj/GMSCore.strings ... 
995 bytes for ./Payload/Talbatk.app/GoogleMaps.bundle/GMSCoreResources.bundle/vi.lproj/GMSCore.strings
copying file ./Payload/Talbatk.app/GoogleMaps.bundle/GMSCoreResources.bundle/button_background@3x.png ... 
2018-08-31 14:16:28 +0000  515 bytes for ./Payload/Talbatk.app/GoogleMaps.bundle/GMSCoreResources.bundle/button_background@3x.png
copying file ./Payload/Talbatk.app/GoogleMaps.bundle/GMSCoreResources.bundle/road_32-8.png ... 
223 bytes for ./Payload/Talbatk.app/GoogleMaps.bundle/GMSCoreResources.bundle/road_32-8.png
copying file ./Payload/Talbatk.app/GoogleMaps.bundle/GMSCoreResources.bundle/lv.lproj/GMSCore.strings ... 
2018-08-31 14:16:28 +0000  801 bytes for ./Payload/Talbatk.app/GoogleMaps.bundle/GMSCoreResources.bundle/lv.lproj/GMSCore.strings
copying file ./Payload/Talbatk.app/GoogleMaps.bundle/GMSCoreResources.bundle/lt.lproj/GMSCore.strings ... 
801 bytes for ./Payload/Talbatk.app/GoogleMaps.bundle/GMSCoreResources.bundle/lt.lproj/GMSCore.strings
2018-08-31 14:16:28 +0000  copying file ./Payload/Talbatk.app/GoogleMaps.bundle/GMSCoreResources.bundle/ru.lproj/GMSCore.strings ... 
1066 bytes for ./Payload/Talbatk.app/GoogleMaps.bundle/GMSCoreResources.bundle/ru.lproj/GMSCore.strings
copying file ./Payload/Talbatk.app/GoogleMaps.bundle/GMSCoreResources.bundle/traffic_greyscale1.png ... 
2018-08-31 14:16:28 +0000  342 bytes for ./Payload/Talbatk.app/GoogleMaps.bundle/GMSCoreResources.bundle/traffic_greyscale1.png
copying file ./Payload/Talbatk.app/GoogleMaps.bundle/GMSCoreResources.bundle/polyline_colors_texture_dim.png ... 
2018-08-31 14:16:28 +0000  7026 bytes for ./Payload/Talbatk.app/GoogleMaps.bundle/GMSCoreResources.bundle/polyline_colors_texture_dim.png
copying file ./Payload/Talbatk.app/GoogleMaps.bundle/GMSCoreResources.bundle/fr_CA.lproj/GMSCore.strings ... 
908 bytes for ./Payload/Talbatk.app/GoogleMaps.bundle/GMSCoreResources.bundle/fr_CA.lproj/GMSCore.strings
2018-08-31 14:16:28 +0000  copying file ./Payload/Talbatk.app/GoogleMaps.bundle/GMSCoreResources.bundle/road_128-32.png ... 
1029 bytes for ./Payload/Talbatk.app/GoogleMaps.bundle/GMSCoreResources.bundle/road_128-32.png
2018-08-31 14:16:28 +0000  copying file ./Payload/Talbatk.app/GoogleMaps.bundle/GMSCoreResources.bundle/fr.lproj/GMSCore.strings ... 
1038 bytes for ./Payload/Talbatk.app/GoogleMaps.bundle/GMSCoreResources.bundle/fr.lproj/GMSCore.strings
2018-08-31 14:16:28 +0000  copying file ./Payload/Talbatk.app/GoogleMaps.bundle/GMSCoreResources.bundle/fi.lproj/GMSCore.strings ... 
881 bytes for ./Payload/Talbatk.app/GoogleMaps.bundle/GMSCoreResources.bundle/fi.lproj/GMSCore.strings
copying file ./Payload/Talbatk.app/GoogleMaps.bundle/GMSCoreResources.bundle/id.lproj/GMSCore.strings ... 
2018-08-31 14:16:28 +0000  816 bytes for ./Payload/Talbatk.app/GoogleMaps.bundle/GMSCoreResources.bundle/id.lproj/GMSCore.strings
2018-08-31 14:16:28 +0000  copying file ./Payload/Talbatk.app/GoogleMaps.bundle/GMSCoreResources.bundle/nl.lproj/GMSCore.strings ... 
2018-08-31 14:16:28 +0000  865 bytes for ./Payload/Talbatk.app/GoogleMaps.bundle/GMSCoreResources.bundle/nl.lproj/GMSCore.strings
2018-08-31 14:16:28 +0000  copying file ./Payload/Talbatk.app/GoogleMaps.bundle/GMSCoreResources.bundle/th.lproj/GMSCore.strings ... 
2018-08-31 14:16:28 +0000  896 bytes for ./Payload/Talbatk.app/GoogleMaps.bundle/GMSCoreResources.bundle/th.lproj/GMSCore.strings
copying file ./Payload/Talbatk.app/GoogleMaps.bundle/GMSCoreResources.bundle/road_64-16.png ... 
425 bytes for ./Payload/Talbatk.app/GoogleMaps.bundle/GMSCoreResources.bundle/road_64-16.png
copying file ./Payload/Talbatk.app/GoogleMaps.bundle/GMSCoreResources.bundle/GMSSprites-0-3x.png ... 
42326 bytes for ./Payload/Talbatk.app/GoogleMaps.bundle/GMSCoreResources.bundle/GMSSprites-0-3x.png
copying file ./Payload/Talbatk.app/GoogleMaps.bundle/GMSCoreResources.bundle/polyline_colors_texture.png ... 
6982 bytes for ./Payload/Talbatk.app/GoogleMaps.bundle/GMSCoreResources.bundle/polyline_colors_texture.png
copying file ./Payload/Talbatk.app/GoogleMaps.bundle/GMSCoreResources.bundle/ic_compass_needle.png ... 
483 bytes for ./Payload/Talbatk.app/GoogleMaps.bundle/GMSCoreResources.bundle/ic_compass_needle.png
copying file ./Payload/Talbatk.app/GoogleMaps.bundle/GMSCoreResources.bundle/pt.lproj/GMSCore.strings ... 
948 bytes for ./Payload/Talbatk.app/GoogleMaps.bundle/GMSCoreResources.bundle/pt.lproj/GMSCore.strings
copying file ./Payload/Talbatk.app/GoogleMaps.bundle/GMSCoreResources.bundle/road_1-1.png ... 
95 bytes for ./Payload/Talbatk.app/GoogleMaps.bundle/GMSCoreResources.bundle/road_1-1.png
copying file ./Payload/Talbatk.app/GoogleMaps.bundle/GMSCoreResources.bundle/ic_location_off.png ... 
498 bytes for ./Payload/Talbatk.app/GoogleMaps.bundle/GMSCoreResources.bundle/ic_location_off.png
copying file ./Payload/Talbatk.app/GoogleMaps.bundle/GMSCoreResources.bundle/ro.lproj/GMSCore.strings ... 
985 bytes for ./Payload/Talbatk.app/GoogleMaps.bundle/GMSCoreResources.bundle/ro.lproj/GMSCore.strings
copying file ./Payload/Talbatk.app/GoogleMaps.bundle/GMSCoreResources.bundle/traffic_startcap.png ... 
243 bytes for ./Payload/Talbatk.app/GoogleMaps.bundle/GMSCoreResources.bundle/traffic_startcap.png
copying file ./Payload/Talbatk.app/GoogleMaps.bundle/GMSCoreResources.bundle/Info.plist ... 
510 bytes for ./Payload/Talbatk.app/GoogleMaps.bundle/GMSCoreResources.bundle/Info.plist
copying file ./Payload/Talbatk.app/GoogleMaps.bundle/GMSCoreResources.bundle/GMSSprites-0-2x.png ... 
25169 bytes for ./Payload/Talbatk.app/GoogleMaps.bundle/GMSCoreResources.bundle/GMSSprites-0-2x.png
copying file ./Payload/Talbatk.app/GoogleMaps.bundle/GMSCoreResources.bundle/button_compass_night@2x.png ... 
2221 bytes for ./Payload/Talbatk.app/GoogleMaps.bundle/GMSCoreResources.bundle/button_compass_night@2x.png
copying file ./Payload/Talbatk.app/GoogleMaps.bundle/GMSCoreResources.bundle/button_compass@2x.png ... 
2560 bytes for ./Payload/Talbatk.app/GoogleMaps.bundle/GMSCoreResources.bundle/button_compass@2x.png
copying file ./Payload/Talbatk.app/GoogleMaps.bundle/GMSCoreResources.bundle/hr.lproj/GMSCore.strings ... 
909 bytes for ./Payload/Talbatk.app/GoogleMaps.bundle/GMSCoreResources.bundle/hr.lproj/GMSCore.strings
copying file ./Payload/Talbatk.app/GoogleMaps.bundle/GMSCoreResources.bundle/hi.lproj/GMSCore.strings ... 
994 bytes for ./Payload/Talbatk.app/GoogleMaps.bundle/GMSCoreResources.bundle/hi.lproj/GMSCore.strings
copying file ./Payload/Talbatk.app/GoogleMaps.bundle/GMSCoreResources.bundle/ca.lproj/GMSCore.strings ... 
1014 bytes for ./Payload/Talbatk.app/GoogleMaps.bundle/GMSCoreResources.bundle/ca.lproj/GMSCore.strings
copying file ./Payload/Talbatk.app/GoogleMaps.bundle/default_marker.png ... 
1221 bytes for ./Payload/Talbatk.app/GoogleMaps.bundle/default_marker.png
copying file ./Payload/Talbatk.app/GoogleMaps.bundle/oss_licenses_maps.txt.gz ... 
22555 bytes for ./Payload/Talbatk.app/GoogleMaps.bundle/oss_licenses_maps.txt.gz
copying file ./Payload/Talbatk.app/GoogleMaps.bundle/bubble_right.png ... 
455 bytes for ./Payload/Talbatk.app/GoogleMaps.bundle/bubble_right.png
copying file ./Payload/Talbatk.app/GoogleMaps.bundle/default_marker@3x.png ... 
6988 bytes for ./Payload/Talbatk.app/GoogleMaps.bundle/default_marker@3x.png
copying file ./Payload/Talbatk.app/GoogleMaps.bundle/default_marker@2x.png ... 
2531 bytes for ./Payload/Talbatk.app/G
2018-08-31 14:16:28 +0000  oogleMaps.bundle/default_marker@2x.png
copying file ./Payload/Talbatk.app/GoogleMaps.bundle/GMSCacheStorage.momd/Storage.mom ... 
4576 bytes for ./Payload/Talbatk.app/GoogleMaps.bundle/GMSCacheStorage.momd/Storage.mom
copying file ./Payload/Talbatk.app/GoogleMaps.bundle/GMSCacheStorage.momd/VersionInfo.plist ... 
807 bytes for ./Payload/Talbatk.app/GoogleMaps.bundle/GMSCacheStorage.momd/VersionInfo.plist
copying file ./Payload/Talbatk.app/GoogleMaps.bundle/GMSCacheStorage.momd/StorageWithTileVersionID.omo ... 
10296 bytes for ./Payload/Talbatk.app/GoogleMaps.bundle/GMSCacheStorage.momd/StorageWithTileVersionID.omo
copying file ./Payload/Talbatk.app/GoogleMaps.bundle/GMSCacheStorage.momd/StorageWithTileVersionID.mom ... 
4682 bytes for ./Payload/Talbatk.app/GoogleMaps.bundle/GMSCacheStorage.momd/StorageWithTileVersionID.mom
copying file ./Payload/Talbatk.app/GoogleMaps.bundle/Info.plist ... 
499 bytes for ./Payload/Talbatk.app/GoogleMaps.bundle/Info.plist
copying file ./Payload/Talbatk.app/FontAwesome5_Brands.ttf ... 
2018-08-31 14:16:28 +0000  116280 bytes for ./Payload/Talbatk.app/FontAwesome5_Brands.ttf
copying file ./Payload/Talbatk.app/Icon-App-40x40@1x.png ... 
2018-08-31 14:16:28 +0000  1269 bytes for ./Payload/Talbatk.app/Icon-App-40x40@1x.png
copying file ./Payload/Talbatk.app/MaterialCommunityIcons.ttf ... 
2018-08-31 14:16:28 +0000  373772 bytes for ./Payload/Talbatk.app/MaterialCommunityIcons.ttf
copying file ./Payload/Talbatk.app/Talbatk ... 
2018-08-31 14:16:31 +0000  114040864 bytes for ./Payload/Talbatk.app/Talbatk
2018-08-31 14:16:31 +0000  copying file ./Payload/Talbatk.app/AppIcon60x60@2x.png ... 
6665 bytes for ./Payload/Talbatk.app/AppIcon60x60@2x.png
copying file ./Payload/Talbatk.app/Icon-App-20x20@1x.png ... 
2018-08-31 14:16:31 +0000  497 bytes for ./Payload/Talbatk.app/Icon-App-20x20@1x.png
copying file ./Payload/Talbatk.app/AppIcon40x40@3x.png ... 
2018-08-31 14:16:31 +0000  6665 bytes for ./Payload/Talbatk.app/AppIcon40x40@3x.png
copying file ./Payload/Talbatk.app/DroidKufi-Regular.ttf ... 
2018-08-31 14:16:31 +0000  81224 bytes for ./Payload/Talbatk.app/DroidKufi-Regular.ttf
copying file ./Payload/Talbatk.app/Foundation.ttf ... 
2018-08-31 14:16:31 +0000  56976 bytes for ./Payload/Talbatk.app/Foundation.ttf
copying file ./Payload/Talbatk.app/AppIcon29x29~ipad.png ... 
2018-08-31 14:16:31 +0000  828 bytes for ./Payload/Talbatk.app/AppIcon29x29~ipad.png
copying file ./Payload/Talbatk.app/Ionicons.ttf ... 
2018-08-31 14:16:31 +0000  112472 bytes for ./Payload/Talbatk.app/Ionicons.ttf
copying file ./Payload/Talbatk.app/FontAwesome5_Solid.ttf ... 
2018-08-31 14:16:32 +0000  168176 bytes for ./Payload/Talbatk.app/FontAwesome5_Solid.ttf
copying file ./Payload/Talbatk.app/FontAwesome5_Regular.ttf ... 
2018-08-31 14:16:32 +0000  40416 bytes for ./Payload/Talbatk.app/FontAwesome5_Regular.ttf
copying file ./Payload/Talbatk.app/AppIcon29x29@3x.png ... 
2018-08-31 14:16:32 +0000  4185 bytes for ./Payload/Talbatk.app/AppIcon29x29@3x.png
copying file ./Payload/Talbatk.app/GoogleService-Info.plist ... 
878 bytes for ./Payload/Talbatk.app/GoogleService-Info.plist
2018-08-31 14:16:32 +0000  copying file ./Payload/Talbatk.app/Icon-App-83.5x83.5@2x.png ... 
2018-08-31 14:16:32 +0000  10590 bytes for ./Payload/Talbatk.app/Icon-App-83.5x83.5@2x.png
copying file ./Payload/Talbatk.app/AppIcon60x60@3x.png ... 
2018-08-31 14:16:32 +0000  11658 bytes for ./Payload/Talbatk.app/AppIcon60x60@3x.png
copying file ./Payload/Talbatk.app/Base.lproj/LaunchScreen.nib ... 
1186 bytes for ./Payload/Talbatk.app/Base.lproj/LaunchScreen.nib
copying file ./Payload/Talbatk.app/FontAwesome.ttf ... 
2018-08-31 14:16:32 +0000  165548 bytes for ./Payload/Talbatk.app/FontAwesome.ttf
2018-08-31 14:16:32 +0000  copying file ./Payload/Talbatk.app/Icon-App-20x20@3x.png ... 
2291 bytes for ./Payload/Talbatk.app/Icon-App-20x20@3x.png
copying file ./Payload/Talbatk.app/Zocial.ttf ... 
2018-08-31 14:16:32 +0000  25552 bytes for ./Payload/Talbatk.app/Zocial.ttf
2018-08-31 14:16:32 +0000  copying file ./Payload/Talbatk.app/Assets.car ... 
2018-08-31 14:16:32 +0000  4412312 bytes for ./Payload/Talbatk.app/Assets.car
2018-08-31 14:16:32 +0000  copying file ./Payload/Talbatk.app/ItunesArtwork@2x.png ... 
168646 bytes for ./Payload/Talbatk.app/ItunesArtwork@2x.png
copying file ./Payload/Talbatk.app/main.jsbundle.meta ... 
21 bytes for ./Payload/Talbatk.app/main.jsbundle.meta
copying file ./Payload/Talbatk.app/AppIcon40x40@2x~ipad.png ... 
3670 bytes for ./Payload/Talbatk.app/AppIcon40x40@2x~ipad.png
copying file ./Payload/Talbatk.app/EvilIcons.ttf ... 
2018-08-31 14:16:32 +0000  13456 bytes for ./Payload/Talbatk.app/EvilIcons.ttf
2018-08-31 14:16:32 +0000  copying file ./Payload/Talbatk.app/AppIcon76x76@2x~ipad.png ... 
2018-08-31 14:16:32 +0000  9267 bytes for ./Payload/Talbatk.app/AppIcon76x76@2x~ipad.png
copying file ./Payload/Talbatk.app/main.jsbundle ... 
2018-08-31 14:16:32 +0000  1557346 bytes for ./Payload/Talbatk.app/main.jsbundle
2018-08-31 14:16:32 +0000  copying file ./Payload/Talbatk.app/AppIcon83.5x83.5@2x~ipad.png ... 
10590 bytes for ./Payload/Talbatk.app/AppIcon83.5x83.5@2x~ipad.png
copying file ./Payload/Talbatk.app/Icon-App-20x20@2x.png ... 
1269 bytes for ./Payload/Talbatk.app/Icon-App-20x20@2x.png
copying file ./Payload/Talbatk.app/Icon-App-29x29@3x.png ... 
4185 bytes for ./Payload/Talbatk.app/Icon-App-29x29@3x.png
copying file ./Payload/Talbatk.app/AppIcon29x29@2x~ipad.png ... 
2166 bytes for ./Payload/Talbatk.app/AppIcon29x29@2x~ipad.png
copying file ./Payload/Talbatk.app/Icon-App-40x40@2x.png ... 
3670 bytes for ./Payload/Talbatk.app/Icon-App-40x40@2x.png
copying file ./Payload/Talbatk.app/AppIcon40x40~ipad.png ... 
1269 bytes for ./Payload/Talbatk.app/AppIcon40x40~ipad.png
copying file ./Payload/Talbatk.app/AppIcon20x20~ipad.png ... 
497 bytes for ./Payload/Talbatk.app/AppIcon20x20~ipad.png
copying file ./Payload/Talbatk.app/SimpleLineIcons.ttf ... 
2018-08-31 14:16:32 +0000  54056 bytes for ./Payload/Talbatk.app/SimpleLineIcons.ttf
2018-08-31 14:16:32 +0000  copying file ./Payload/Talbatk.app/Icon-App-60x60@3x.png ... 
2018-08-31 14:16:32 +0000  11658 bytes for ./Payload/Talbatk.app/Icon-App-60x60@3x.png
copying file ./Payload/Talbatk.app/embedded.mobileprovision ... 
2018-08-31 14:16:32 +0000  7632 bytes for ./Payload/Talbatk.app/embedded.mobileprovision
2018-08-31 14:16:32 +0000  copying file ./Payload/Talbatk.app/assets/node_modules/react-navigation/src/views/assets/back-icon@3x.png ... 
761 bytes for ./Payload/Talbatk.app/assets/node_modules/react-navigation/src/views/assets/back-icon@3x.png
2018-08-31 14:16:32 +0000  copying file ./Payload/Talbatk.app/assets/node_modules/react-navigation/src/views/assets/back-icon@2x.png ... 
405 bytes for ./Payload/Talbatk.app/assets/node_modules/react-navigation/src/views/assets/back-icon@2x.png
copying file ./Payload/Talbatk.app/assets/node_modules/react-navigation/src/views/assets/back-icon.png ... 
2018-08-31 14:16:32 +0000  290 bytes for ./Payload/Talbatk.app/assets/node_modules/react-navigation/src/views/assets/back-icon.png
copying file ./Payload/Talbatk.app/assets/node_modules/react-navigation/src/views/assets/back-icon-mask.png ... 
659 bytes for ./Payload/Talbatk.app/assets/node_modules/react-navigation/src/views/assets/back-icon-mask.png
2018-08-31 14:16:32 +0000  copying file ./Payload/Talbatk.app/assets/node_modules/react-native-elements/src/rating/images/bell.png ... 
2018-08-31 14:16:32 +0000  2989 bytes for ./Payload/Talbatk.app/assets/node_modules/react-native-elements/src/rating/images/bell.png
copying file ./Payload/Talbatk.app/assets/node_modules/react-native-elements/src/rating/images/heart.png ... 
2018-08-31 14:16:32 +0000  1928 bytes for ./Payload/Talbatk.app/assets/node_modules/react-native-elements/src/rating/images/heart.png
copying file ./Payload/Talbatk.app/assets/node_modules/react-native-elements/src/rating/images/rocket.png ... 
4050 bytes for ./Payload/Talbatk.app/assets/node_modules/react-native-elements/src/rating/images/rocket.png
copying file ./Payload/Talbatk.app/assets/node_modules/react-native-elements/src/rating/images/star.png ... 
2018-08-31 14:16:32 +0000  1961 bytes for ./Payload/Talbatk.app/assets/node_modules/react-native-elements/src/rating/images/star.png
2018-08-31 14:16:32 +0000  copying file ./Payload/Talbatk.app/assets/assets/images/delevering.png ... 
2018-08-31 14:16:32 +0000  471135 bytes for ./Payload/Talbatk.app/assets/assets/images/delevering.png
copying file ./Payload/Talbatk.app/assets/assets/images/not-accepted.png ... 
2018-08-31 14:16:32 +0000  386801 bytes for ./Payload/Talbatk.app/assets/assets/images/not-accepted.png
copying file ./Payload/Talbatk.app/assets/assets/images/splash.jpg ... 
2018-08-31 14:16:32 +0000  115529 bytes for ./Payload/Talbatk.app/assets/assets/images/splash.jpg
copying file ./Payload/Talbatk.app/assets/assets/images/delivered.png ... 
2018-08-31 14:16:32 +0000  264855 bytes for ./Payload/Talbatk.app/assets/assets/images/delivered.png
copying file ./Payload/Talbatk.app/assets/assets/images/head.jpg ... 
2018-08-31 14:16:32 +0000  109093 bytes for ./Payload/Talbatk.app/assets/assets/images/head.jpg
2018-08-31 14:16:32 +0000  copying file ./Payload/Talbatk.app/Icon-App-60x60@2x.png ... 
6665 bytes for ./Payload/Talbatk.app/Icon-App-60x60@2x.png
copying file ./Payload/Talbatk.app/AppIcon20x20@2x~ipad.png ... 
2018-08-31 14:16:32 +0000  1269 bytes for ./Payload/Talbatk.app/AppIcon20x20@2x~ipad.png
copying file ./Payload/Talbatk.app/Info.plist ... 
2372 bytes for ./Payload/Talbatk.app/Info.plist
copying file ./Payload/Talbatk.app/Icon-App-76x76@1x.png ... 
2018-08-31 14:16:32 +0000  3405 bytes for ./Payload/Talbatk.app/Icon-App-76x76@1x.png
copying file ./Payload/Talbatk.app/Icon-App-40x40@3x.png ... 
2018-08-31 14:16:32 +0000  6665 bytes for ./Payload/Talbatk.app/Icon-App-40x40@3x.png
copying file ./Payload/Talbatk.app/PkgInfo ... 
8 bytes for ./Payload/Talbatk.app/PkgInfo
copying file ./Payload/Talbatk.app/MaterialIcons.ttf ... 
2018-08-31 14:16:32 +0000  128180 bytes for ./Payload/Talbatk.app/MaterialIcons.ttf
2018-08-31 14:16:32 +0000  copying file ./Payload/Talbatk.app/Icon-App-29x29@2x.png ... 
2166 bytes for ./Payload/Talbatk.app/Icon-App-29x29@2x.png
copying file ./Payload/Talbatk.app/AppIcon76x76~ipad.png ... 
2018-08-31 14:16:32 +0000  3405 bytes for ./Payload/Talbatk.app/AppIcon76x76~ipad.png
2018-08-31 14:16:32 +0000  
2018-08-31 14:16:32 +0000  2018-08-31 14:16:32 +0000  /usr/bin/ditto exited with 0
2018-08-31 14:16:32 +0000  

2018-08-31 14:16:32 +0000  Processing step: IDEDistributionCreateManifestStep
2018-08-31 14:16:32 +0000  Skipping step: IDEDistributionCreateManifestStep because it said so
